<?xml version="1.0" encoding="UTF-8"?>
<testsuite name="nl.wykorijnsburger.recordstores.anyoldtime.AnyOldTimeTxtParserTest" tests="1" skipped="0" failures="0" errors="0" timestamp="2017-09-16T12:52:16" hostname="Wykos-MacBook-Pro.local" time="0.167">
  <properties/>
  <testcase name="Test parser" classname="nl.wykorijnsburger.recordstores.anyoldtime.AnyOldTimeTxtParserTest" time="0.167"/>
  <system-out><![CDATA[element = null
element = null
element = null
element = null
element = null
element = null
element = null
element = null
element = null
element = null
element = null
element = null
element = null
element = null
element = null
element = null
element = null
element = Record(artistName=10 CC, title=100 CC greatest hits, format=LP, label=Decca, country=NL, releaseNumber=6376 115, releaseYear=-'75, condition=F, priceInEuro=3,00, classification=70s)
element = Record(artistName=10 CC, title=100 CC greatest hits, format=LP, label=UK, country=E, releaseNumber=UKAL 1012, releaseYear=-'75, condition=G, priceInEuro=5,00, classification=70s)
element = Record(artistName=10 CC, title=Bloody tourists, format=LP, label=Mercury, country=E, releaseNumber=PRICE 6, releaseYear=-'78ri, condition=G, priceInEuro=4,00, classification=70s)
element = Record(artistName=10 CC, title=Bloody tourists, format=LP, label=Mercury, country=NL, releaseNumber=6310 504, releaseYear=-'78,foc,insert, condition=F, priceInEuro=3,00, classification=70s)
element = Record(artistName=10 CC, title=Greatest hits 1972-1978, format=LP, label=Mercury, country=E, releaseNumber=9102 504, releaseYear=-'79,pic, condition=G, priceInEuro=4,00, classification=70s)
element = Record(artistName=10 CC, title=Greatest hits 1972-1978, format=LP, label=Mercury, country=NL/F, releaseNumber=6310 505, releaseYear=-'79, condition=F, priceInEuro=3,00, classification=70s)
element = Record(artistName=10 CC, title=How dare you!, format=LP, label=Mercury, country=US, releaseNumber=SRM-1-1061, releaseYear=-'76,foc,co,pic, condition=F, priceInEuro=3,00, classification=70s)
element = Record(artistName=10 CC, title=Live and let live, format=LP, label=Mercury, country=NL, releaseNumber=6641 741, releaseYear=-'77,2lp, condition=G, priceInEuro=3,00, classification=70s)
element = Record(artistName=10 CC, title=Look hear?, format=LP, label=Mercury, country=G, releaseNumber=6310 507, releaseYear=-'80,pic,poster, condition=V, priceInEuro=5,00, classification=70s)
element = Record(artistName=10 CC, title=Look hear?, format=LP, label=Mercury, country=NL, releaseNumber=6310 507, releaseYear=-'80,insert,50x75-poster, condition=V, priceInEuro=5,00, classification=70s)
element = Record(artistName=10 CC, title=Look hear?, format=LP, label=Warner Bros., country=US, releaseNumber=BSK 3442, releaseYear=-'80,pic, condition=V, priceInEuro=5,00, classification=70s)
element = Record(artistName=10 CC, title=Ten out of 10, format=LP, label=Mercury, country=NL, releaseNumber=6359 048, releaseYear=-'81,pic, condition=G, priceInEuro=5,00, classification=70s)
element = Record(artistName=100 FOLK CELSIUS, title=A nagy hohohorg�sz, format=LP, label=Pepita, country=Hungary, releaseNumber=SLPM 37011, releaseYear=-'86, condition=V, priceInEuro=7,00, classification=80s-Pop)
element = Record(artistName=101 STRINGS, title=Best of the soul series, format=LP, label=Alshire, country=null, releaseNumber=null, releaseYear=-'?, condition=V, priceInEuro=3,00, classification=Orchestra)
element = Record(artistName=101 STRINGS, title=Exodus and other great mocie themes...., format=LP, label=Somerset, country=US, releaseNumber=S-135, releaseYear=-'?, condition=FP, priceInEuro=3,00, classification=Orchestra)
element = Record(artistName=101 STRINGS, title=Fiddler on the roof, format=LP, label=Alshire, country=US, releaseNumber=S-5233, releaseYear=-'?, condition=G, priceInEuro=3,00, classification=Orchestra)
element = Record(artistName=101 STRINGS, title=Impressions de Russie, format=LP, label=Mode, country=F, releaseNumber=STMD. 9018, releaseYear=-'?, condition=G, priceInEuro=3,00, classification=Orchestra)
element = Record(artistName=101 STRINGS, title=Nuestra boda, format=LP, label='Serie International' Alshire, country=US, releaseNumber=ASI-4007, releaseYear=-'?, condition=G, priceInEuro=3,00, classification=Orchestra)
element = Record(artistName=101 STRINGS, title=Play the blues, format=LP, label=Somerset, country=US, releaseNumber=SF-5800, releaseYear=-'?, condition=V, priceInEuro=3,00, classification=Orchestra)
element = Record(artistName=DE 14 BILLEKENS, title=In de 14 Billekens 7, format=LP, label=Cardinal, country=Belgium, releaseNumber=C.S.LP. 1048, releaseYear=-'?, condition=G, priceInEuro=3,00, classification=Organ)
element = Record(artistName=DE 14 BILLEKENS, title=In de 14 Billekens 8, format=LP, label=Cardinal, country=Belgium, releaseNumber=C.S.LP. 1049, releaseYear=-'?, condition=G, priceInEuro=3,00, classification=Organ)
element = Record(artistName=THE 1st BRIGADE BAND, title=Making history live: volume 2, format=LP, label=Heritage Military Music, country=US, releaseNumber=sealed, releaseYear=-'?, condition=V, priceInEuro=7,00, classification=US/Fanfare)
element = Record(artistName=THE 1st BRIGADE BAND, title=Music for the president, format=LP, label=Heritage Military Music, country=US, releaseNumber=1003, releaseYear=-'75,foc, condition=V, priceInEuro=7,00, classification=US/Fanfare)
element = Record(artistName=THE 1st BRIGADE BAND, title=Rally 'round the flag, format=LP, label=Heritage Military Music, country=US, releaseNumber=HMMF 1005, releaseYear=-'76,foc, condition=V, priceInEuro=7,00, classification=US/Fanfare)
element = Record(artistName=2 IN A ROOM, title=The album vol I, format=LP, label=Cutting, country=US, releaseNumber=CR-20011, releaseYear=-'89, condition=G, priceInEuro=4,00, classification=SDFD)
element = Record(artistName=24 K, title=Joy, format=LP, label=Br.Music, country=NL, releaseNumber=THBL 003, releaseYear=-'83, condition=V, priceInEuro=6,00, classification=80s-Rock)
element = Record(artistName=2nd CHAPTER OF ACTS, title=2nd Chapter of Acts & Michael & Stormie Omartian, format=LP, label=Sparrow, country=E, releaseNumber=BIRD 145, releaseYear=-'83,2lp-set, condition=V, priceInEuro=5,00, classification=Religion)
element = Record(artistName=2nd CHAPTER OF ACTS, title=Far away places, format=LP, label=Live Oak, country=E, releaseNumber=OAKR 3009, releaseYear=-'87,insert, condition=G, priceInEuro=4,00, classification=Religion)
element = Record(artistName=2nd CHAPTER OF ACTS, title=Mansion builder, format=LP, label=Sparrow, country=E, releaseNumber=BIRD 114, releaseYear=-'78,insert, condition=V, priceInEuro=3,00, classification=Religion)
element = Record(artistName=2nd COMMUNICATION, title=2nd Communication, format=LP, label=KK Records, country=Belgium, releaseNumber=KK038 KK-UK 008, releaseYear=-'90?, condition=V, priceInEuro=8,00, classification=80s-Rock*)
element = Record(artistName=THE 3 JACKSONS, title=In operetteland, format=LP, label=Philips, country=NL, releaseNumber=840 386 PY, releaseYear=-'?, condition=V, priceInEuro=4,00, classification=Accordeon)
element = Record(artistName=THE 3 JACKSONS, title=Jacksons' dubbele reuze potpourri, format=LP, label=Philips, country=NL, releaseNumber=H-72-BG 202, releaseYear=-'?,2lp-box, condition=G, priceInEuro=3,00, classification=Accordeon)
element = Record(artistName=THE 3 JACKSONS, title=Jacksons' jubileum - Jubil�umskonzert, format=LP, label=Philips, country=NL, releaseNumber=840 363 PY, releaseYear=-'?,special-German-sleeve, condition=V, priceInEuro=5,00, classification=Accordeon)
element = Record(artistName=THE 3 JACKSONS, title=Jacksons' parade No. 3, format=LP, label=Philips, country=NL, releaseNumber=P 10065 R, releaseYear=-'?, condition=F, priceInEuro=3,00, classification=Accordeon)
element = Record(artistName=THE 3 JACKSONS, title=Jacksons' parade No. 7, format=LP, label=Philips, country=NL, releaseNumber=P 13055 R, releaseYear=-'?, condition=G, priceInEuro=3,00, classification=Accordeon)
element = Record(artistName=THE 3 JACKSONS, title=Jacksons' reuzenpotpourri, format=LP, label=Philips, country=NL, releaseNumber=P 600 379 R, releaseYear=-'?,foc, condition=F, priceInEuro=3,00, classification=Accordeon)
element = Record(artistName=THE 3 JACKSONS, title=The 3 Jacksons, format=LP, label='Grand Gala Populair' Philips, country=NL, releaseNumber=QR 625 156, releaseYear=-'?, condition=F, priceInEuro=3,00, classification=Accordeon)
element = Record(artistName=3 KOLIBRIS, title=Fr�hschoppen mit den 3 Kolibris im Alten Prekhaus in Grinzing, format=LP, label=Alten Prekhaus, country=Austria, releaseNumber=8107, releaseYear=-'81?,autographs, condition=V, priceInEuro=6,00, classification=Austria-Vocal)
element = Record(artistName=38 SPECIAL, title=Special forces, format=LP, label=A&M, country=NL, releaseNumber=AMLH 64888, releaseYear=-'82,pic, condition=V, priceInEuro=6,00, classification=70s-Rock)
element = Record(artistName=5 HIT 1 MISS, title=5 Slag 1 Wijd, format=LP, label=Pick-Up, country=G, releaseNumber=LPU 0032, releaseYear=-'86, condition=G, priceInEuro=7,00, classification=NL-Jazz*)
element = Record(artistName=5 SLAG 1 WIJD, title=Zet 'em op, format=LP, label=Nova-Zembla, country=NL, releaseNumber=NZR 20308, releaseYear=-'87,pic, condition=V, priceInEuro=7,00, classification=NL-Jazz*)
element = Record(artistName=78'EREN, title=Shu-bi-dua, format=LP, label=Polydor, country=Sweden, releaseNumber=2380 061, releaseYear=-'78,pic, condition=FG, priceInEuro=5,00, classification=Sweden/70s-Rock)
element = Record(artistName=801, title=Live, format=LP, label=Island, country=NL, releaseNumber=28 151 XOT, releaseYear=-'76, condition=V, priceInEuro=8,00, classification=70s/RoxyMusic)
element = Record(artistName=999, title=The 999 singles album, format=LP, label=United Artists, country=E, releaseNumber=SOS 999, releaseYear=-'80, condition=G, priceInEuro=10,00, classification=70s-Punk)
element = Record(artistName=A LA CARTE, title=Sun sun summertime: special guest Mungo Jerry, format=LP, label=Coconut, country=G, releaseNumber=303 587, releaseYear=-'89,2LP-set, condition=F, priceInEuro=3,00, classification=SDF-70s)
element = Record(artistName=A LA CARTE, title=Viva, format=LP, label=Coconut, country=null, releaseNumber=null, releaseYear=-'81,pic, condition=V, priceInEuro=10,00, classification=SDF-70s)
element = Record(artistName=A;GRUMH..., title=Mix yourself, format=LP, label=Scarface, country=Belgium, releaseNumber=MFACE 9, releaseYear=-'85, condition=V, priceInEuro=10,00, classification=80s-Rock*)
element = Record(artistName=A;GRUMH..., title=Rebirth, format=LP, label=Scarface, country=null, releaseNumber=null, releaseYear=-'86, condition=V, priceInEuro=12,00, classification=80s-Rock*)
element = Record(artistName=THE A's, title=A woman's got the power, format=LP, label=Arista, country=null, releaseNumber=null, releaseYear=-'81, condition=V, priceInEuro=5,00, classification=80s)
element = Record(artistName=A-HA, title=Scoundrel days, format=LP, label=Warner Bros., country=US, releaseNumber=1-25501, releaseYear=-'86,pic,co, condition=G, priceInEuro=4,00, classification=80s)
element = Record(artistName=AA & THE DOCTORS, title=Wash man brain, format=LP, label=CBS, country=NL, releaseNumber=CBS 85485, releaseYear=-'82, condition=V, priceInEuro=7,00, classification=NL-Rock)
element = Record(artistName=AAAK, title=Buidingscapebeat, format=LP, label=Scam, country=E, releaseNumber=SCAM 003, releaseYear=-'89, condition=V, priceInEuro=10,00, classification=80s-Rock*)
element = Record(artistName=AACHENER KIRCHENCHOR, title=Don Lorenzo Perosi: Missa pontificalis-Missa eucharistica, format=LP, label=Artone, country=NL, releaseNumber=9511, releaseYear=-'67s-ri,hard-plastic-cover+inlay, condition=V, priceInEuro=3,00, classification=DE/Religion)
element = Record(artistName=ABBA, title=Arrival, format=LP, label=Polydor, country=NL, releaseNumber=2310 483, releaseYear=-'76,pic, condition=V, priceInEuro=4,00, classification=70s)
element = Record(artistName=ABBA, title=Golden double album, format=LP, label=Vogue, country=null, releaseNumber=null, releaseYear=-'75?,2lp, condition=V, priceInEuro=7,00, classification=70s)
element = Record(artistName=ABBA, title=I love Abba, format=LP, label=Atlantic, country=US, releaseNumber=80142-1, releaseYear=-'84,co, condition=V, priceInEuro=6,00, classification=70s)
element = Record(artistName=ABBA, title=The album, format=LP, label=Epic, country=E, releaseNumber=S EPC 86052, releaseYear=-'77,foc, condition=G, priceInEuro=4,00, classification=70s)
element = Record(artistName=ABBA, title=The album, format=LP, label=Polar, country=Sweden, releaseNumber=POLS 282, releaseYear=-'77,pic, condition=F, priceInEuro=3,00, classification=70s)
element = Record(artistName=ABBA, title=The album, format=LP, label=Polydor, country=NL, releaseNumber=2344 098, releaseYear=-'77,pic, condition=V, priceInEuro=4,00, classification=70s)
element = Record(artistName=ABBA, title=The best of Abba (+Fernando), format=LP, label=Polydor, country=G, releaseNumber=2459 318, releaseYear=-'75, condition=F, priceInEuro=3,00, classification=70s)
element = Record(artistName=ABBA, title=The very best of Abba, format=LP, label=Polydor, country=NL, releaseNumber=2612 032, releaseYear=-'76?,2lp, condition=V, priceInEuro=5,00, classification=70s)
element = Record(artistName=ABBA, title=The visitors, format=LP, label=Epic, country=NL, releaseNumber=EPC 10032, releaseYear=-'81,pic, condition=V, priceInEuro=3,00, classification=70s)
element = Record(artistName=ABBA, title=Voulez-vous, format=LP, label=Atlantic, country=Canada, releaseNumber=XSD 16000, releaseYear=-'79,pic, condition=F, priceInEuro=3,00, classification=70s)
element = Record(artistName=ABBA, title=Voulez-vous, format=LP, label=Polydor, country=NL, releaseNumber=2344 136, releaseYear=-'79,pic, condition=V, priceInEuro=5,00, classification=70s)
element = Record(artistName=ABBA, title=Waterloo, format=LP, label=Polydor, country=NL, releaseNumber=2489 085, releaseYear=-'74, condition=G, priceInEuro=5,00, classification=70s)
element = Record(artistName=THE ABBEY TAVERN, title=Traditional ballads, format=LP, label=Abbey Tavern, country=Ireland, releaseNumber=ATP 102, releaseYear=-'70, condition=G, priceInEuro=4,00, classification=Ireland-Folklore)
element = Record(artistName=ABC, title=Beauty stab, format=LP, label=Mercury, country=NL, releaseNumber=814 661-1, releaseYear=-'83,pic, condition=V, priceInEuro=5,00, classification=80s)
element = Record(artistName=ABC, title=The lexicon of love, format=LP, label=Mercury, country=Mexico, releaseNumber=LPR 19065, releaseYear=-'82, condition=G, priceInEuro=5,00, classification=80s)
element = Record(artistName=ABC, title=The lexicon of love, format=LP, label=Neutron, country=E, releaseNumber=ntrs 1, releaseYear=-'82,pic, condition=G, priceInEuro=3,00, classification=80s)
element = Record(artistName=ABC, title=The lexicon of love, format=LP, label=RTB Mercury, country=Jugoslavia, releaseNumber=2221349, releaseYear=-'82,pic, condition=G, priceInEuro=4,00, classification=80s)
element = Record(artistName=PAULA ABDUL, title=Forever your girl, format=LP, label=Virgin, country=G, releaseNumber=209 240, releaseYear=-'88,pic, condition=V, priceInEuro=5,00, classification=80s)
element = Record(artistName=PAUL ABRAHAM, title=Die Blume von Hawaii, format=LP, label=Disco Club, country=Germany, releaseNumber=DC 2413, releaseYear=-'?, condition=FP, priceInEuro=3,00, classification=Operetta)
element = Record(artistName=ACAPULCO, title=Acapolco, format=LP, label=Common Wealth, country=NL, releaseNumber=CN 0131, releaseYear=-'?, condition=V, priceInEuro=4,00, classification=NL-E)
element = Record(artistName=CONJUNTO ACAYMO/BANDA TAURINA, title=Aires Canaros, format=LP, label=Marter, country=Spain, releaseNumber=M. 30.117-S, releaseYear=-'?,foc-iso,4p-booklet, condition=G, priceInEuro=3,00, classification=Spain-Folklore)
element = Record(artistName=ACCORDEON TRIO, title=Accordeon Trio, format=LP, label=Capriola, country=NL, releaseNumber=CP 513-H, releaseYear=-'?, condition=V, priceInEuro=3,00, classification=Accordeon)
element = Record(artistName=ACE, title=Five-a-side, format=LP, label=Anchor, country=NL, releaseNumber=5C 062-96077, releaseYear=-'74,insert, condition=FP, priceInEuro=3,00, classification=70s)
element = Record(artistName=ACE, title=Time for another, format=LP, label=Anchor, country=E, releaseNumber=ANCL 2013, releaseYear=-'75, condition=FP, priceInEuro=3,00, classification=70s)
element = Record(artistName=JOAQUIN ACHUCARRO, title=Plays Manuel De Falla, format=LP, label=RCA Gold Seal, country=US, releaseNumber=AGL1-1967, releaseYear=-'75, condition=G, priceInEuro=9,00, classification=Classic)
element = Record(artistName=DAVID ACKLES, title=American gothic, format=LP, label=Elektra, country=US, releaseNumber=EKS-75032, releaseYear=-'72,pic,co, condition=V, priceInEuro=7,00, classification=60s-SiSo)
element = Record(artistName=MARGIE ADAM, title=Naked keys, format=LP, label=Pleiades, country=US, releaseNumber=HB 2748, releaseYear=-'80, condition=G, priceInEuro=5,00, classification=70s-SiSo)
element = Record(artistName=THE ADAM SINGERS, title=Sing something simple, format=LP, label=Palette, country=NL, releaseNumber=PPB 132, releaseYear=-'65,hard-plastic-cover+inlay, condition=G, priceInEuro=5,00, classification=Vocal)
element = Record(artistName=THE ADAM SINGERS, title=Sing something simple, format=LP, label=Palette, country=NL, releaseNumber=PPB S-132, releaseYear=-'67, condition=G, priceInEuro=4,00, classification=Vocal)
element = Record(artistName=ADAM & EVE, title=Ihre grossen erfolge, format=LP, label=Columbia, country=NL, releaseNumber=5C 054-28666, releaseYear=-'73, condition=V, priceInEuro=7,00, classification=Germany-Schlager)
element = Record(artistName=ADAM AND THE ANTS, title=Kings of the wild frontier, format=LP, label=CBS Sony, country=Philippines, releaseNumber=LP-1483-E, releaseYear=-'80, condition=V, priceInEuro=6,00, classification=80s)
element = Record(artistName=ADAMO, title=2o En espa�ol, format=LP, label=EMI Odeon, country=Chile, releaseNumber=LDC-36688, releaseYear=-'69, condition=FG, priceInEuro=7,00, classification=France-Vocal)
element = Record(artistName=ADAMO, title=A L'Olympia, format=LP, label=HMV, country=F/NL, releaseNumber=FELP 259, releaseYear=-'67?, condition=V, priceInEuro=4,00, classification=France-Vocal)
element = Record(artistName=ADAMO, title=Adamo, format=LP, label='Edition 2000' Columbia, country=G, releaseNumber=C 2015/16, releaseYear=-'68?,2lp, condition=FG, priceInEuro=5,00, classification=France-Vocal)
element = Record(artistName=ADAMO, title=Adamo, format=LP, label=Europaclub Marcanto, country=null, releaseNumber=null, releaseYear=-'66?, condition=F, priceInEuro=3,00, classification=France-Vocal)
element = Record(artistName=ADAMO, title=Adamo, format=LP, label=Pathe, country=F, releaseNumber=1C 184-15650/1, releaseYear=-'75,2lp, condition=G, priceInEuro=5,00, classification=France-Vocal)
element = Record(artistName=ADAMO, title=Adamo volume 2, format=LP, label=La Voix De Son Maitre, country=F/NL, releaseNumber=FELP 276, releaseYear=-'?, condition=F, priceInEuro=3,00, classification=France-Vocal)
element = Record(artistName=ADAMO, title=El sensacional, format=LP, label=Odeon, country=Chile, releaseNumber=LDC 36675, releaseYear=-'68, condition=FP, priceInEuro=4,00, classification=France-Vocal)
element = Record(artistName=ADAMO, title=En direct de l'Olympia (1966), format=LP, label=Emidisc, country=NL, releaseNumber=5C 048-52035, releaseYear=-'?, condition=G, priceInEuro=3,00, classification=France-Vocal)
element = Record(artistName=ADAMO, title=Jusqu'a l'amour, format=LP, label=EMI, country=NL, releaseNumber=5C 062-82068, releaseYear=-'75, condition=F, priceInEuro=3,00, classification=France-Vocal)
element = Record(artistName=ADAMO, title=Les chansons formidable, format=LP, label=EMI Columbia, country=null, releaseNumber=null, releaseYear=-'66?, condition=V, priceInEuro=4,00, classification=France-Vocal)
element = Record(artistName=ADAMO, title=Les grands succes de Adamo vol.2, format=LP, label=Columbia, country=NL, releaseNumber=5C 054.23093, releaseYear=-'?, condition=F, priceInEuro=3,00, classification=France-Vocal)
element = Record(artistName=ADAMO, title=Les plus grands succes de Salvatore Adamo, format=LP, label=EMI, country=NL, releaseNumber=5C 138-25466/7, releaseYear=-'?,2lp, condition=G, priceInEuro=4,00, classification=France-Vocal)
element = Record(artistName=ADAMO, title=Olympia 71, format=LP, label=EMI Columbia, country=G, releaseNumber=1C 062-23 292, releaseYear=-'71?,foc, condition=F, priceInEuro=3,00, classification=France-Vocal)
element = Record(artistName=ADAMO, title=Rendez-vous met Adamo, format=LP, label=HMV, country=NL, releaseNumber=HFLP 1044, releaseYear=-'62?, condition=F, priceInEuro=10,00, classification=France-Vocal)
element = Record(artistName=ADAMO, title=Salvatore Adamo, format=LP, label=La Voix De Son Maitre, country=F/NL, releaseNumber=CFELP 1334, releaseYear=-'?,foc, condition=FG, priceInEuro=3,00, classification=France-Vocal)
element = Record(artistName=JAY BOY ADAMS, title=Fork in the road, format=LP, label=Atlantic, country=US, releaseNumber=SD 19195, releaseYear=-'78,pic, condition=G, priceInEuro=5,00, classification=70s-Countryrock)
element = Record(artistName=JOHNNY ADAMS, title=Heart & soul, format=LP, label=SSS International, country=NL, releaseNumber=HJS 248, releaseYear=-'79?, condition=G, priceInEuro=10,00, classification=SDF-Blues)
element = Record(artistName=ADAMSKI, title=Liveandirect, format=LP, label=MCA, country=E, releaseNumber=MCL 1900, releaseYear=-'89, condition=FP, priceInEuro=3,00, classification=SDFD-House)
element = Record(artistName=CANNONBALL ADDERLEY, title=And the Bossa Rio Sextet with Sergio Mendes, format=LP, label=Capitol, country=US, releaseNumber=ST-2877, releaseYear=-'?, condition=FG, priceInEuro=10,00, classification=Jazz-Sax)
element = Record(artistName=JOHN ADDISON/ANDRE PREVIN, title=Tom and Irma are in business together, format=LP, label='Historia de la musica en el cine 31' Belter, country=Spain, releaseNumber=2-90.031, releaseYear=-'82, condition=V, priceInEuro=3,00, classification=Soundtrack)
element = Record(artistName=ADDISS & CROFUT, title=Eastern ferris wheel, format=LP, label=Columbia, country=US, releaseNumber=CS 9746, releaseYear=-'68?, condition=G, priceInEuro=5,00, classification=60s-Folk)
element = Record(artistName=RICHARD ADLER & JERRY ROSS, title=The pajama game, format=LP, label=Columbia, country=US, releaseNumber=S 32606, releaseYear=-'73, condition=V, priceInEuro=3,00, classification=Soundtrack)
element = Record(artistName=THE ADVENTURES, title=Theodore and friends, format=LP, label=Chrysalis, country=G, releaseNumber=206 795, releaseYear=-'85, condition=V, priceInEuro=6,00, classification=80s)
element = Record(artistName=THE ADVENTURES, title=Trading secrets with the moon, format=LP, label=Elektra, country=G, releaseNumber=7559-60871-1, releaseYear=-'90,pic,co, condition=V, priceInEuro=7,00, classification=80s)
element = Record(artistName=JAMEY AEBERSOLD, title=13 Favorite standards, format=LP, label='Volume 22' Aebersold, country=US, releaseNumber=JA 1233/34, releaseYear=-'79,2lp-set,NOBook, condition=F, priceInEuro=4,00, classification=Jazz)
element = Record(artistName=JAMEY AEBERSOLD, title=Gettin' it together, format=LP, label='Volume 21' Aebersold, country=US, releaseNumber=JA 1231, releaseYear=-'79,2lp-set,BOOK-MISSING, condition=G, priceInEuro=7,00, classification=Jazz)
element = Record(artistName=JAMEY AEBERSOLD, title=Jam session for instrumentalists & vocalists, format=LP, label='Volume 34' Aebersold, country=US, releaseNumber=JA 1251/52, releaseYear=-'84,2lp-set,NObook, condition=F, priceInEuro=5,00, classification=Jazz)
element = Record(artistName=JAMEY AEBERSOLD, title=Major & minor, format=LP, label='Volume 24' JA Records, country=US, releaseNumber=JA 1237/38, releaseYear=-'81,2lp-set+7",NObook, condition=FG, priceInEuro=8,00, classification=Jazz)
element = Record(artistName=AEROBIC DANCE ORCHESTRA, title=Aerobic dancing, format=LP, label=RCA Camden, country=NL, releaseNumber=VLP-4340, releaseYear=-'83, condition=V, priceInEuro=3,00, classification=NL/Orchestra)
element = Record(artistName=JOSE AFONSO, title=Cantigas do Maio, format=LP, label=Orfeu, country=Portugal, releaseNumber=STAT 009, releaseYear=-'71?,foc, condition=FG, priceInEuro=5,00, classification=Portugal-Vocal)
element = Record(artistName=AFRICA SOLI, title=Bamoul�, format=LP, label=Uptown, country=NL, releaseNumber=UT 27003, releaseYear=-'88, condition=V, priceInEuro=7,00, classification=Africa-Folklore)
element = Record(artistName=AFTER THE FIRE, title=80-f, format=LP, label=Epic, country=NL, releaseNumber=EPC 84545, releaseYear=-'80,insert, condition=V, priceInEuro=3,00, classification=70s)
element = Record(artistName=WOUT AGE, title=Blues juice, format=LP, label=Hollandse Nieuwe, country=NL, releaseNumber=HNL 8813, releaseYear=-'88, condition=V, priceInEuro=12,00, classification=NL-Blues)
element = Record(artistName=ROB AGERBEEK, title=Boowie woogie party, format=LP, label=CBS, country=NL, releaseNumber=S 64795, releaseYear=-'71, condition=G, priceInEuro=5,00, classification=NL/Jazz-Piano)
element = Record(artistName=ROB AGERBEEK, title=The boogie rocks, format=LP, label=Oldie Blues, country=NL, releaseNumber=OL 2810, releaseYear=-'75,foc, condition=V, priceInEuro=7,00, classification=NL/Jazz-Piano)
element = Record(artistName=AGOSTINHO DOS SANTOS, title=Agostinho canta sucessos, format=LP, label=Discos RGE, country=Brazil, releaseNumber=XRLP-5.096, releaseYear=-'?, condition=V, priceInEuro=9,00, classification=Brazil-Vocal)
element = Record(artistName=HARM AGTERESCH, title=Loat mie m��r joekelul'n....., format=LP, label=Telstar Special, country=NL, releaseNumber=TSP 16960 TL, releaseYear=-'80, condition=G, priceInEuro=5,00, classification=NL-Cabaret)
element = Record(artistName=ANTONIO AGUILAR, title=Soy el hijo del gallero, format=LP, label=Musart, country=Spain, releaseNumber=ML-80, releaseYear=-'78, condition=G, priceInEuro=5,00, classification=Spain-V)
element = Record(artistName=FREDDIE AGUILAR, title=Freddie Aguilar, format=LP, label=RCA, country=null, releaseNumber=null, releaseYear=-'80, condition=G, priceInEuro=3,00, classification=Phillipines-Vocal)
element = Record(artistName=FREDDIE AGUILAR, title=Greatest hits, format=LP, label=Ugat, country=Philippines, releaseNumber=TSP-5289, releaseYear=-'79, condition=G, priceInEuro=8,00, classification=Phillipines-Vocal)
element = Record(artistName=LUIS AGUILE, title=Con amore a sin amor, format=LP, label=Negram, country=NL, releaseNumber=NQ 20050, releaseYear=-'?, condition=G, priceInEuro=4,00, classification=Spain-Vocal)
element = Record(artistName=LUIS AGUILE, title=Cuando sali de Cuba, format=LP, label=Negram, country=NL, releaseNumber=NL 553, releaseYear=-'?, condition=G, priceInEuro=4,00, classification=Spain-Vocal)
element = Record(artistName=LES AIGLONS, title=Le petit chaperon noir, format=LP, label=Disque Debs, country=F, releaseNumber=HDD 610, releaseYear=-'77?, condition=FP, priceInEuro=3,00, classification=Antilless-Vocal)
element = Record(artistName=AIMABLE & ZAPPY MAX, title=Chantons ensemble vol.2, format=LP, label=Vogue, country=F, releaseNumber=VLX. 31-30, releaseYear=-'?, condition=F, priceInEuro=3,00, classification=France-Vocal/Accordeon)
element = Record(artistName=ALYN AINSWORTH SINGERS, title=Seven brides for seven brothers, format=LP, label=Regal, country=E, releaseNumber=SREG. 1032, releaseYear=-'66, condition=F, priceInEuro=3,00, classification=Vocalgroups)
element = Record(artistName=ALYN AINSWORTH, title=West Side Story (David Holliday & Pat Gogh), format=LP, label=Regal, country=E, releaseNumber=SREG 1026, releaseYear=-'66, condition=G, priceInEuro=3,00, classification=Soundtrack)
element = Record(artistName=THE AIR MAIL, title=Top hits international 2, format=LP, label=Europa, country=G, releaseNumber=E 484, releaseYear=-'?, condition=G, priceInEuro=3,00, classification=Covers-70s)
element = Record(artistName=AIR SUPPLY, title=Lost in love, format=LP, label=Arista, country=G, releaseNumber=202 317, releaseYear=-'80, condition=G, priceInEuro=5,00, classification=80s)
element = Record(artistName=AIR SUPPLY, title=Lost in love, format=LP, label=Arista, country=NL, releaseNumber=202.317, releaseYear=-'80,co, condition=G, priceInEuro=3,00, classification=80s)
element = Record(artistName=AIRWAVES, title=New day, format=LP, label=A&M, country=US, releaseNumber=SP-4689, releaseYear=-'78,pic,co, condition=G, priceInEuro=7,00, classification=70s)
element = Record(artistName=AIRWAVES, title=New day, format=LP, label=Mercury, country=NL, releaseNumber=6310 037, releaseYear=-'78,pic, condition=G, priceInEuro=4,00, classification=70s)
element = Record(artistName=TOSHIKO AKIYOSHI-LEW TABACKIN, title=Live at Newport '77, format=LP, label=RCA, country=Japan, releaseNumber=RVJ-6005, releaseYear=-'77,insert, condition=V, priceInEuro=9,00, classification=Jazz-BigBand)
element = Record(artistName=SUKY AKKAL, title=Flowers blossoms and bees, format=LP, label=Dynatone, country=NL, releaseNumber=DCSR 8000, releaseYear=-'77, condition=FP, priceInEuro=3,00, classification=Surinam-Suripop)
element = Record(artistName=JAN AKKERMAN & KAZ LUX, title=Eli, format=LP, label=Atlantic, country=NL, releaseNumber=ATLN 50320, releaseYear=-'76,insert, condition=FP, priceInEuro=3,00, classification=NL-E/Rock)
element = Record(artistName=JAN AKKERMAN & THIJS VAN LEER, title=Focus, format=LP, label=Vertigo, country=NL, releaseNumber=824 524-1, releaseYear=-'85, condition=V, priceInEuro=5,00, classification=NL-E/Rock)
element = Record(artistName=JAN AKKERMAN, title=A phenomenon, format=LP, label=Bovema Negram, country=null, releaseNumber=null, releaseYear=-'79, condition=FG, priceInEuro=6,00, classification=NL-E/Rock)
element = Record(artistName=JAN AKKERMAN, title=A phenomenon, format=LP, label=Bovema Negram, country=NL, releaseNumber=5N 050-26189, releaseYear=-'79, condition=P, priceInEuro=3,00, classification=NL-E/Rock)
element = Record(artistName=JAN AKKERMAN, title=Can't stand noise, format=LP, label=CBS, country=NL, releaseNumber=CBS 25794, releaseYear=-'83, condition=F, priceInEuro=4,00, classification=NL-E/Rock)
element = Record(artistName=JAN AKKERMAN, title=Guitar for sale, format=LP, label=Emidisc, country=NL, releaseNumber=5C 048-51105, releaseYear=-'73s-ri, condition=V, priceInEuro=9,00, classification=NL-E/Rock)
element = Record(artistName=JAN AKKERMAN, title=Live, format=LP, label=Atlantic, country=US, releaseNumber=SD 19241, releaseYear=-'78,co, condition=V, priceInEuro=4,00, classification=NL-E/Rock)
element = Record(artistName=JAN AKKERMAN, title=Live, format=LP, label=Atlantic, country=NL, releaseNumber=ATLN 50560, releaseYear=-'78,white-vinyl, condition=V, priceInEuro=12,00, classification=NL-E/Rock)
element = Record(artistName=JAN AKKERMAN, title=Oil in the family, format=LP, label=CNR, country=NL, releaseNumber=655.137, releaseYear=-'81, condition=FG, priceInEuro=4,00, classification=NL-E/Rock)
element = Record(artistName=JAN AKKERMAN, title=Profile, format=LP, label=Sire, country=US, releaseNumber=SAS-7407, releaseYear=-'72,co, condition=F, priceInEuro=4,00, classification=NL-E/Rock)
element = Record(artistName=JAN AKKERMAN, title=Talent for sale, format=LP, label=MfP, country=NL, releaseNumber=MFP 5036, releaseYear=-'67?, condition=FG, priceInEuro=4,00, classification=NL-E/Rock)
element = Record(artistName=JAN AKKERMAN, title=The best of Jan Akkerman and friends, format=LP, label=Atlantic, country=NL, releaseNumber=ATLN 50740, releaseYear=-'80, condition=FP, priceInEuro=3,00, classification=NL-E/Rock)
element = Record(artistName=AKREMA, title=Akrema, format=LP, label=SMA Records, country=NL, releaseNumber=S.M.A. LP 001, releaseYear=-'81, condition=FP, priceInEuro=3,00, classification=Surinam-Folklore)
element = Record(artistName=ALABAMA, title=Live, format=LP, label=RCA, country=US, releaseNumber=6825-1-R, releaseYear=-'88, condition=V, priceInEuro=5,00, classification=80s)
element = Record(artistName=ALABAMA STUDENTEGESELSKAP, title=Singit!, format=LP, label=Decibel Musiek, country=South Africa, releaseNumber=ALA 88, releaseYear=-'88, condition=V, priceInEuro=7,00, classification=South Africa-Vocal)
element = Record(artistName=THE ALARM, title=The Alarm, format=LP, label=Illegal, country=NL, releaseNumber=ILP 25573, releaseYear=-'83, condition=G, priceInEuro=4,00, classification=80s)
element = Record(artistName=ALASKA Y DINARAMA, title=Deseo carnal, format=LP, label=Hispavox, country=null, releaseNumber=null, releaseYear=-'84,2p-insert, condition=F, priceInEuro=6,00, classification=8os-Rock)
element = Record(artistName=MANNY ALBAM & ERNIE WILKINS, title=The drum suite, format=LP, label=RCA Victor, country=US, releaseNumber=LPM 1279, releaseYear=-'?, condition=P, priceInEuro=3,00, classification=Jazz-Sax)
element = Record(artistName=ALBANIA, title=Are you all mine, format=LP, label=Chiswick, country=Portugal, releaseNumber=17.3125/2, releaseYear=-'81, condition=F, priceInEuro=4,00, classification=80s-Rock)
element = Record(artistName=JOE ALBANY, title=The right combination, format=LP, label=Riverside, country=US, releaseNumber=RLP 170, releaseYear=-'80s-ri, condition=V, priceInEuro=7,00, classification=Jazz-Piano)
element = Record(artistName=JOSE ALBENIZ, title=M�sica de Espa�a, format=LP, label=MCA, country=Spain, releaseNumber=S-14.157, releaseYear=-'73, condition=V, priceInEuro=3,00, classification=ES/Orchestra)
element = Record(artistName=EEF ALBERS, title=Blue capricorn, format=LP, label=CBS, country=null, releaseNumber=null, releaseYear=-'77, condition=G, priceInEuro=3,00, classification=NL/Jazz-Guitar)
element = Record(artistName=EEF ALBERS, title=Pyramids, format=LP, label=CrisCrazz, country=G, releaseNumber=CCR 017, releaseYear=-'87, condition=G, priceInEuro=7,00, classification=NL/Jazz-Guitar)
element = Record(artistName=HANS ALBERS, title=Hans Albers, format=LP, label=Historia, country=G, releaseNumber=H 603, releaseYear=-'69, condition=V, priceInEuro=3,00, classification=Germany-Schlager)
element = Record(artistName=HANS ALBERS, title=Portrait, format=LP, label=Telefunken, country=G, releaseNumber=6.28587, releaseYear=-'82,2lp, condition=V, priceInEuro=4,00, classification=Germany-Schlager)
element = Record(artistName=MORRIS ALBERT, title=After we've left each other, format=LP, label=Audio Latino, country=US, releaseNumber=ALS-4095, releaseYear=-'75, condition=P, priceInEuro=3,00, classification=Brazil-Vocal)
element = Record(artistName=MORRIS ALBERT, title=After we've left each other, format=LP, label=Vogue, country=F, releaseNumber=LDM. 30284, releaseYear=-'75, condition=FG, priceInEuro=4,00, classification=Brazil-Vocal)
element = Record(artistName=WILLEKE ALBERTI, title=De beste van Willeke Alberti, format=LP, label='Gouden Molen' Philips, country=NL, releaseNumber=6423 352, releaseYear=-'?, condition=V, priceInEuro=3,00, classification=NL-NL)
element = Record(artistName=WILLEKE ALBERTI, title=Iemand die van je houdt, format=LP, label=Philips, country=NL, releaseNumber=6413 096, releaseYear=-'77, condition=F, priceInEuro=3,00, classification=NL-NL)
element = Record(artistName=WILLEKE ALBERTI, title=Liedjes van Marleen, format=LP, label=Philips, country=NL, releaseNumber=6423 011, releaseYear=-'?,foc,4p-booklet, condition=V, priceInEuro=5,00, classification=NL-NL)
element = Record(artistName=WILLEKE ALBERTI, title=Niet bang zijn, format=LP, label=Philips, country=NL, releaseNumber=6423 024, releaseYear=-'?,foc,4p-booklet, condition=V, priceInEuro=7,00, classification=NL-NL)
element = Record(artistName=WILLEKE ALBERTI, title=Vrienden voor altijd, format=LP, label=Qualitel, country=NL, releaseNumber=KTLP 243-1, releaseYear=-'87,foc, condition=G, priceInEuro=3,00, classification=NL-NL)
element = Record(artistName=WILLEKE ALBERTI, title=Willeke's favorieten, format=LP, label=Philips, country=NL, releaseNumber=6413 011, releaseYear=-'?, condition=V, priceInEuro=5,00, classification=NL-NL)
element = Record(artistName=WILLY ALBERTI & JOHNNY JORDAAN, title=Jeugdherinneringen, format=LP, label=EMI, country=NL, releaseNumber=5C 052-25148, releaseYear=-'74, condition=G, priceInEuro=3,00, classification=NL-NL)
element = Record(artistName=WILLY ALBERTI, title=25 jaar successen, format=LP, label=Philips, country=NL, releaseNumber=P 600 700 R, releaseYear=-'?,foc, condition=G, priceInEuro=4,00, classification=NL-NL)
element = Record(artistName=WILLY ALBERTI, title=Italiaanse successen, format=LP, label='Grand Gala Populair' Philips, country=NL, releaseNumber=625 175 QR, releaseYear=-'?, condition=G, priceInEuro=3,00, classification=NL-NL)
element = Record(artistName=WILLY ALBERTI, title=Mag de zon elke dag voor jou schijnen, format=LP, label=Philips, country=NL, releaseNumber=6401 104, releaseYear=-'?, condition=V, priceInEuro=4,00, classification=NL-NL)
element = Record(artistName=WILLY ALBERTI, title=Nederlandse successen, format=LP, label='Grand Gala Populair' Philips, country=NL, releaseNumber=625 317 QL, releaseYear=-'?, condition=F, priceInEuro=3,00, classification=NL-NL)
element = Record(artistName=WILLY ALBERTI, title=San Remo song festival 1960, format=LP, label=Philips, country=NL, releaseNumber=P 600 300 R, releaseYear=-'?, condition=F, priceInEuro=4,00, classification=NL-NL)
element = Record(artistName=WILLY ALBERTI, title=Zingt zijn grootste Nederlandse successen, format=LP, label='Gouden Molen' Philips, country=NL, releaseNumber=6423 320, releaseYear=-'?, condition=G, priceInEuro=3,00, classification=NL-NL)
element = Record(artistName=WILLY ALBERTI, title=Zingt zijn grootste Nederlandse successen, format=LP, label=Spectrum, country=NL, releaseNumber=6416 024, releaseYear=-'?, condition=V, priceInEuro=3,00, classification=NL-NL)
element = Record(artistName=WILLY ALBERTI, title=Zo zingt de Jordaan, format=LP, label='Applaus' Fontana, country=NL, releaseNumber=6428 026, releaseYear=-'?, condition=V, priceInEuro=4,00, classification=NL-NL)
element = Record(artistName=WILLY & WILLEKE ALBERTI, title=Jij & ikke, format=LP, label=Fontana, country=NL, releaseNumber=826 397 QY, releaseYear=-'68(matrix), condition=G, priceInEuro=4,00, classification=NL-NL)
element = Record(artistName=WILLY & WILLEKE ALBERTI, title=Moeder hoe kan ik je danken, format=LP, label='Applaus' Philips, country=NL, releaseNumber=6440 020, releaseYear=-'?, condition=G, priceInEuro=3,00, classification=NL-NL)
element = Record(artistName=WILLY & WILLEKE ALBERTI, title=Willy & Willeke Alberti, format=LP, label=Philips, country=null, releaseNumber=null, releaseYear=-'?, condition=G, priceInEuro=3,00, classification=NL-NL)
element = Record(artistName=WILLY & WILLEKE ALBERTI, title=Willy en Willeke, format=LP, label=Philips, country=NL, releaseNumber=P 12 960 L, releaseYear=-'?,foc, condition=FP, priceInEuro=3,00, classification=NL-NL)
element = Record(artistName=ALBERTO, title=Het beste van Alberto: Surinaamse liedjes, format=LP, label=Negram, country=NL, releaseNumber=SPLO 141, releaseYear=-'?, condition=V, priceInEuro=3,00, classification=Surinam-Folklore)
element = Record(artistName=ALBERTO, title=Kerstmis in Suriname, format=LP, label=Bovema Negram, country=NL, releaseNumber=5N 052-26064, releaseYear=-'73, condition=F, priceInEuro=3,00, classification=Surinam-Folklore)
element = Record(artistName=ALBERTO, title=Muziek uit zonnig Suriname, format=LP, label=Delta, country=NL, releaseNumber=ELS 896, releaseYear=-'?, condition=FP, priceInEuro=3,00, classification=Surinam-Folklore)
element = Record(artistName=ALBERTO, title=Suriname (Muziek uit zonnig Suriname), format=LP, label=Delta, country=NL, releaseNumber=DL 503, releaseYear=-'?,hard-plastic-cover+inlay, condition=F, priceInEuro=3,00, classification=Surinam-Folklore)
element = Record(artistName=ALBERTO, title=Wang njoeng sranang, format=LP, label=Fajalobie, country=NL, releaseNumber=FL 433.008-G, releaseYear=-'77, condition=V, priceInEuro=5,00, classification=Surinam-Folklore)
element = Record(artistName=KOOS ALBERTS, title=Koos Alberts III, format=LP, label=CNR, country=NL, releaseNumber=655241, releaseYear=-'86, condition=V, priceInEuro=3,00, classification=NL-NL)
element = Record(artistName=KOOS ALBERTS, title=Koos Alberts, format=LP, label=CNR, country=NL, releaseNumber=655.215, releaseYear=-'84, condition=V, priceInEuro=3,00, classification=NL-NL)
element = Record(artistName=FREDDY ALBINGER, title=Freddy Albinger en zijn wonderaccordeon door operaland, format=LP, label=B-R Nigram, country=NL, releaseNumber=2033, releaseYear=-'?, condition=V, priceInEuro=3,00, classification=Accordeon)
element = Record(artistName=GERALD ALBRIGHT, title=Bermuda nights, format=LP, label=Atlantic, country=US, releaseNumber=81919-1, releaseYear=-'88, condition=V, priceInEuro=6,00, classification=Jazz-Sax)
element = Record(artistName=RONNIE ALDRICH, title=Come to where the love is, format=LP, label=Phase 4 Decca, country=E, releaseNumber=PFS 4264, releaseYear=-'72, condition=G, priceInEuro=3,00, classification=Piano)
element = Record(artistName=RONNIE ALDRICH, title=Emotions, format=LP, label=Phase 4 Decca, country=E, releaseNumber=PFS 4436, releaseYear=-'78, condition=G, priceInEuro=3,00, classification=Piano)
element = Record(artistName=RONNIE ALDRICH, title=Great themes to remember, format=LP, label='Phase 4 Stereo' Decca, country=E, releaseNumber=PFS 4233, releaseYear=-'72, condition=G, priceInEuro=3,00, classification=Piano)
element = Record(artistName=RONNIE ALDRICH, title=Love story, format=LP, label=Phase 4 Stereo Decca, country=null, releaseNumber=null, releaseYear=-'71, condition=F, priceInEuro=3,00, classification=Piano)
element = Record(artistName=RONNIE ALDRICH, title=Melodies from the classics, format=LP, label=Phase 4 Decca, country=E, releaseNumber=PFS 4424, releaseYear=-'78, condition=V, priceInEuro=3,00, classification=Piano)
element = Record(artistName=RONNIE ALDRICH, title=The phase 4 world of Ronnie Aldrich, format=LP, label=Decca, country=E, releaseNumber=SPA 57, releaseYear=-'70, condition=FG, priceInEuro=3,00, classification=Piano)
element = Record(artistName=RONNIE ALDRICH, title=The romantic pianos of Ronnie Aldrich, format=LP, label=Decca Gold Crown, country=E, releaseNumber=DGS 17, releaseYear=-'64s-ri,foc, condition=G, priceInEuro=3,00, classification=Piano)
element = Record(artistName=JAIME ALEM a.o., title=Talento Brasileiro 5: Dorival Caymmi, format=LP, label=Cid, country=Brazil, releaseNumber=LP-CID 4047, releaseYear=-'?, condition=G, priceInEuro=6,00, classification=Brazil-Jazz)
element = Record(artistName=RAFAEL ALERS, title=Danzas: Bajo las sombras de un pino, format=LP, label=Ansonia, country=US, releaseNumber=ALP 1247, releaseYear=-'?, condition=F, priceInEuro=3,00, classification=Orchestra)
element = Record(artistName=ALESSI BROTHERS, title=Alessi, format=LP, label=A&M, country=E, releaseNumber=AMLH 64608, releaseYear=-'76,insert,USA-coverphoto, condition=F, priceInEuro=3,00, classification=70s)
element = Record(artistName=ALESSI BROTHERS, title=All for a reason, format=LP, label=A&M, country=NL, releaseNumber=AMLH 68446, releaseYear=-'77,pic, condition=FG, priceInEuro=3,00, classification=70s)
element = Record(artistName=ALESSI BROTHERS, title=All for a reason, format=LP, label=A&M, country=US, releaseNumber=SP-4657, releaseYear=-'77,pic,co, condition=F, priceInEuro=3,00, classification=70s)
element = Record(artistName=ALESSI BROTHERS, title=Driftin', format=LP, label=A&M, country=US, releaseNumber=SP-4713, releaseYear=-'78,pic,co, condition=G, priceInEuro=4,00, classification=70s)
element = Record(artistName=ALESSI BROTHERS, title=Long time friends, format=LP, label=Qwest, country=null, releaseNumber=null, releaseYear=-'82, condition=V, priceInEuro=5,00, classification=70s)
element = Record(artistName=ALESSI BROTHERS, title=Words and music, format=LP, label=A&M, country=E, releaseNumber=AMLH 64776, releaseYear=-'79,pic, condition=G, priceInEuro=3,00, classification=70s)
element = Record(artistName=GREGG ALEXANDER, title=Michigan rain, format=LP, label=A&M, country=G, releaseNumber=395 255-1, releaseYear=-'89, condition=V, priceInEuro=8,00, classification=80s-Rock)
element = Record(artistName=KAREN ALEXANDER, title=Voyager, format=LP, label=Asylum, country=US, releaseNumber=6E-130, releaseYear=-'78,pic, condition=V, priceInEuro=5,00, classification=70s-SiSo)
element = Record(artistName=MONTY ALEXANDER, title=Full steam ahead, format=LP, label=Concord Jazz, country=G, releaseNumber=CJ-287, releaseYear=-'85, condition=F, priceInEuro=3,00, classification=Jazz-Piano)
element = Record(artistName=MONTY ALEXANDER, title=Monty strikes again, format=LP, label='Delta' MPS, country=NL, releaseNumber=5D 064-99437, releaseYear=-'76, condition=V, priceInEuro=5,00, classification=Jazz-Piano)
element = Record(artistName=MONTY ALEXANDER, title=The way it is, format=LP, label=MPS, country=NL, releaseNumber=5C 006-62611, releaseYear=-'79, condition=F, priceInEuro=3,00, classification=Jazz-Piano)
element = Record(artistName=MONTY ALEXANDER, title=Zing, format=LP, label=RCA, country=F, releaseNumber=PL 42777, releaseYear=-'67ri,foc, condition=V, priceInEuro=7,00, classification=Jazz-Piano)
element = Record(artistName=PETER ALEXANDER, title=Alexander der Grosse, format=LP, label=Polydor, country=G, releaseNumber=SLPHM 249 070, releaseYear=-'66(matrix), condition=FG, priceInEuro=3,00, classification=Germany-Schlager)
element = Record(artistName=PETER ALEXANDER, title=Ein Gala-Konzert, format=LP, label=Ariola, country=G, releaseNumber=302 339, releaseYear=-'84,2lp, condition=V, priceInEuro=7,00, classification=Germany-Schlager)
element = Record(artistName=PETER ALEXANDER, title=Met Peter Alexander in operetteland, format=LP, label=Boek en Plaat Polydor, country=NL, releaseNumber=B 100/6, releaseYear=-'64(matrix), condition=V, priceInEuro=3,00, classification=Germany-Schlager)
element = Record(artistName=PETER ALEXANDER, title=P.A., format=LP, label=Ariola, country=G, releaseNumber=86 325 IT, releaseYear=-'?,foc, condition=G, priceInEuro=4,00, classification=Germany-Schlager)
element = Record(artistName=PETER ALEXANDER, title=Pr�sentiert Walt Disney's Welt, format=LP, label=Ariola, country=G, releaseNumber=28 303 IU, releaseYear=-'76?,foc, condition=V, priceInEuro=4,00, classification=Germany-Schlager)
element = Record(artistName=PETER ALEXANDER, title=Schlager-Erinnerungen mit Peter Alexander Folge 2, format=LP, label=Ariola, country=G, releaseNumber=78 001 IT, releaseYear=-'?, condition=V, priceInEuro=3,00, classification=Germany-Schlager)
element = Record(artistName=PETER ALEXANDER, title=Schlager-rendezvous mit Peter Alexander, format=LP, label=Ariola, country=G, releaseNumber=27 625 IT, releaseYear=-'?, condition=V, priceInEuro=3,00, classification=Germany-Schlager)
element = Record(artistName=PETER ALEXANDER, title=Singt Wiener Lieder, format=LP, label=Polydor, country=NL, releaseNumber=GS 073, releaseYear=-'?, condition=G, priceInEuro=3,00, classification=Germany-Schlager)
element = Record(artistName=PETER ALEXANDER, title=Warum ist es am Rhein so sch�n, format=LP, label=Ariola, country=G, releaseNumber=77595 IU, releaseYear=-'72?, condition=G, priceInEuro=5,00, classification=Germany-Schlager)
element = Record(artistName=SCOTT ALEXANDER & LANCE WAKELY, title=Prof. Washboard & Dr. Harmonica, format=LP, label=Sartory, country=Unknown, releaseNumber=1, releaseYear=-'?, condition=G, priceInEuro=6,00, classification=80s-R&Rr)
element = Record(artistName=ALEXANDRA, title=Ihre grossen Erfolge, format=LP, label=Philips, country=G, releaseNumber=844 392 PY, releaseYear=-'?, condition=G, priceInEuro=4,00, classification=Germany-Schlager)
element = Record(artistName=ALEXANDRA, title=Stimme der Sehnsucht: die Alexandra Story, format=LP, label=Philips, country=G, releaseNumber=6623 018, releaseYear=-'75?,2lp, condition=F, priceInEuro=4,00, classification=Germany-Schlager)
element = Record(artistName=THE ALEXANDROV ENSEMBLE, title=16 Gouden successen, format=LP, label=Melodia, country=NL, releaseNumber=541.670, releaseYear=-'?, condition=V, priceInEuro=3,00, classification=Russia-Choir)
element = Record(artistName=THE ALEXANDROV ENSEMBLE, title=Alexandrov Ensemble, format=LP, label=Melodia, country=NL, releaseNumber=160 901/02, releaseYear=-'?,2lp, condition=V, priceInEuro=4,00, classification=Russia-Choir)
element = Record(artistName=THE ALEXANDROV ENSEMBLE, title=Alexandrov Ensemble, format=LP, label=Melodia, country=NL, releaseNumber=540.007, releaseYear=-'68, condition=V, priceInEuro=3,00, classification=Russia-Choir)
element = Record(artistName=THE ALEXANDROV ENSEMBLE, title=Alexandrov song and dance ensemble, format=LP, label=Melodia, country=Russia, releaseNumber=CM 03181-2, releaseYear=-'75?, condition=V, priceInEuro=3,00, classification=Russia-Choir)
element = Record(artistName=THE ALEXANDROV ENSEMBLE, title=Alexandrov song and dance ensemble, format=LP, label=Melodia, country=null, releaseNumber=null, releaseYear=-'75?, condition=V, priceInEuro=3,00, classification=Russia-Choir)
element = Record(artistName=THE ALEXANDROV ENSEMBLE, title=Stenka rasin and other famous Russian folk songs, format=LP, label=Melodia, country=NL, releaseNumber=OS 2140, releaseYear=-'?, condition=V, priceInEuro=3,00, classification=Russia-Choir)
element = Record(artistName=THE ALEXANDROV ENSEMBLE, title=Taiga Lieder aus dem weiten Russland, format=LP, label=Topas, country=G, releaseNumber=LP 2607, releaseYear=-'?, condition=V, priceInEuro=4,00, classification=Russia-Choir)
element = null
element = null
element = Record(artistName=HARIS ALEXIOU, title=The night wants love, format=LP, label=Minos, country=Greece, releaseNumber=MSM 710, releaseYear=-'88?, condition=G, priceInEuro=5,00, classification=Greece-Vocal)
element = Record(artistName=HASSE ALFREDSON & TAGE DANIELSSON, title=Malte Lindeman, format=LP, label=Svenska Ljud, country=Sweden, releaseNumber=LJULP 2, releaseYear=-'?, condition=FP, priceInEuro=3,00, classification=Sweden-Comedy)
element = Record(artistName=AUGUSTO ALGUERO, title=Arrivederci Roma, format=LP, label=Barclay, country=F, releaseNumber=80025, releaseYear=-'?, condition=G, priceInEuro=5,00, classification=Orchestra)
element = Record(artistName=ALIBI, title=Friends, format=LP, label=Magnet, country=E, releaseNumber=MAGL 5034, releaseYear=-'80, condition=V, priceInEuro=6,00, classification=80s)
element = Record(artistName=ALICE, title=Azimut, format=LP, label=EMI, country=NL, releaseNumber=1A 064-18596, releaseYear=-'82,pic,insert, condition=V, priceInEuro=5,00, classification=Italy/80s-Rock)
element = Record(artistName=ALICE, title=Capo Nord, format=LP, label=EMI, country=G, releaseNumber=1C 064-18 261, releaseYear=-'80,pic, condition=V, priceInEuro=6,00, classification=Italy/80s-Rock)
element = Record(artistName=ALICE, title=Falsi Alarmi, format=LP, label=EMI, country=G, releaseNumber=1C 064 2600231, releaseYear=-'83,pic, condition=FP, priceInEuro=3,00, classification=Italy/80s-Rock)
element = Record(artistName=ALICE, title=Gioietti rubati (Alice canta Battiato), format=LP, label=EMI, country=Italy, releaseNumber=64 1187091 T, releaseYear=-'85, condition=F, priceInEuro=3,00, classification=Italy/80s-Rock)
element = Record(artistName=ALICE, title=M�lodie passag�re, format=LP, label=EMI, country=Italy, releaseNumber=64 7917111, releaseYear=-'86,pic, condition=F, priceInEuro=3,00, classification=Italy/80s-Rock)
element = Record(artistName=ALICE, title=Park Hotel, format=LP, label=EMI, country=G, releaseNumber=1C 064-11 8771 1, releaseYear=-'86,pic, condition=F, priceInEuro=3,00, classification=Italy/80s-Rock)
element = Record(artistName=ALICE, title=Per Elisa, format=LP, label=EMI, country=G, releaseNumber=1C 064-18 543, releaseYear=-'81,pic, condition=V, priceInEuro=4,00, classification=Italy/80s-Rock)
element = Record(artistName=SUSIE ALLANSON, title=Susie Allanson, format=LP, label=ABC Records, country=US, releaseNumber=ABCD-910, releaseYear=-'76, condition=V, priceInEuro=5,00, classification=Country)
element = Record(artistName=THE ALLEGRO THEATRE ORCHESTRA, title=Fiddler on the roof, format=LP, label=Allegro, country=E, releaseNumber=ALL 841, releaseYear=-'67, condition=G, priceInEuro=3,00, classification=Soundtrack)
element = Record(artistName=DONNA ALLEN, title=Heaven on earth, format=LP, label=Oceana, country=US, releaseNumber=91028-1, releaseYear=-'88, condition=V, priceInEuro=5,00, classification=SDF)
element = Record(artistName=MARTY ALLEN & STEVE ROSSI, title=Two funny for words, format=LP, label=Reprise, country=US, releaseNumber=R-6104, releaseYear=-'?, condition=V, priceInEuro=7,00, classification=Comedy)
element = Record(artistName=PETER ALLEN, title=Bi-coastal, format=LP, label=A&M, country=NL, releaseNumber=AMLH 64825, releaseYear=-'80,pic, condition=V, priceInEuro=4,00, classification=70s)
element = Record(artistName=PETER ALLEN, title=I could have been a sailor, format=LP, label=A&M, country=NL, releaseNumber=AMLH 64739, releaseYear=-'79,pic, condition=F, priceInEuro=3,00, classification=70s)
element = Record(artistName=PETER ALLEN, title=Taught by experts, format=LP, label=A&M, country=E, releaseNumber=AMLH 64584, releaseYear=-'76, condition=V, priceInEuro=5,00, classification=70s)
element = Record(artistName=ALLIES, title=Virtues, format=LP, label=Light, country=E, releaseNumber=LS R-7082, releaseYear=-'86, condition=FG, priceInEuro=4,00, classification=80s-Gospelrock)
element = Record(artistName=SCOTT ALLISON CHOIR, title=A song of joy, format=LP, label=Somerset, country=G, releaseNumber=722, releaseYear=-'72?, condition=G, priceInEuro=3,00, classification=70s-Pop)
element = Record(artistName=THE ALLISONS, title=Are you sure, format=LP, label=Fontana, country=E, releaseNumber=TFL.5135, releaseYear=-'61, condition=F, priceInEuro=15,00, classification=60s)
element = Record(artistName=(GREG) ALLMAN AND WOMAN, title=Two the hard way, format=LP, label=Warner Bros., country=US, releaseNumber=BSK 3120, releaseYear=-'77, condition=G, priceInEuro=7,00, classification=70s)
element = Record(artistName=THE ALLMAN BROTHERS BAND, title=Enlightened rogues, format=LP, label=Capricorn, country=US, releaseNumber=CPN-0218, releaseYear=-'79,foc,pic,co, condition=G, priceInEuro=7,00, classification=70s)
element = Record(artistName=GRAEME ALLWRIGHT, title=Le jour de clart�, format=LP, label=Mercury, country=F, releaseNumber=6325 605, releaseYear=-'68ri, condition=V, priceInEuro=5,00, classification=60s-Folkrock)
element = Record(artistName=GRAEME ALLWRIGHT, title=Questions..., format=LP, label=Mercury, country=F, releaseNumber=9101 904, releaseYear=-'78,foc, condition=G, priceInEuro=5,00, classification=60s-Folkrock)
element = Record(artistName=MIRI ALONI YOSSI POLACK & BENI AMDURSKY, title=The small pleasures of life: songs by Berthold Brecht, format=LP, label=Hed-Arzi, country=Israel, releaseNumber=BAN 14453, releaseYear=-'74, condition=G, priceInEuro=6,00, classification=Israel-Vocal)
element = Record(artistName=HERB ALPERT & HUGH MASEKELA, title=Main event/live, format=LP, label=A&M, country=US, releaseNumber=SP-4727, releaseYear=-'78,pic, condition=G, priceInEuro=3,00, classification=Orchestra)
element = Record(artistName=HERB ALPERT, title=America, format=LP, label='Gold-Serie' A&M Karussell, country=G, releaseNumber=535 010, releaseYear=-'67?, condition=G, priceInEuro=3,00, classification=Orchestra)
element = Record(artistName=HERB ALPERT, title=America, format=LP, label=A&M, country=E, releaseNumber=AMLB 1000, releaseYear=-'64, condition=F, priceInEuro=3,00, classification=Orchestra)
element = Record(artistName=HERB ALPERT, title=Bullish, format=LP, label=A&M, country=NL, releaseNumber=AMLX 65022, releaseYear=-'84,pic, condition=F, priceInEuro=3,00, classification=Orchestra)
element = Record(artistName=HERB ALPERT, title=Christmas album, format=LP, label=A&M, country=G, releaseNumber=212 056, releaseYear=-'68?, condition=F, priceInEuro=3,00, classification=Orchestra)
element = Record(artistName=HERB ALPERT, title=Christmas album, format=LP, label=A&M, country=NL, releaseNumber=AMLE 63113, releaseYear=-'68s-ri, condition=FG, priceInEuro=3,00, classification=Orchestra)
element = Record(artistName=HERB ALPERT, title=Fandango, format=LP, label=A&M, country=NL, releaseNumber=AMLK 63731, releaseYear=-'82,pic, condition=V, priceInEuro=4,00, classification=Orchestra)
element = Record(artistName=HERB ALPERT, title=Going places, format=LP, label=A&M, country=Australia, releaseNumber=AML-31,818, releaseYear=-'65?, condition=FP, priceInEuro=3,00, classification=Orchestra)
element = Record(artistName=HERB ALPERT, title=Going places, format=LP, label=A&M, country=G, releaseNumber=212 011, releaseYear=-'66>, condition=F, priceInEuro=3x,00, classification=Orchestra)
element = Record(artistName=HERB ALPERT, title=Going places, format=LP, label=Pye International, country=null, releaseNumber=null, releaseYear=-'65, condition=F, priceInEuro=3,00, classification=Orchestra)
element = Record(artistName=HERB ALPERT, title=Going places!, format=LP, label=London, country=G, releaseNumber=SHA-U 92, releaseYear=-'65?, condition=F, priceInEuro=3,00, classification=Orchestra)
element = Record(artistName=HERB ALPERT, title=Greatest hits, format=LP, label=A&M, country=E, releaseNumber=AMLS 980, releaseYear=-'70,foc, condition=F, priceInEuro=3,00, classification=Orchestra)
element = Record(artistName=HERB ALPERT, title=Greatest hits, format=LP, label=A&M, country=NL, releaseNumber=AMLH 64245, releaseYear=-'70,foc, condition=V, priceInEuro=3,00, classification=Orchestra)
element = Record(artistName=HERB ALPERT, title=Herb Alpert & his friends, format=LP, label=Reader's Digest, country=E/G, releaseNumber=RDS 7091/98+7099, releaseYear=-'?,9lp-box, condition=G, priceInEuro=9,00, classification=Orchestra)
element = Record(artistName=HERB ALPERT, title=Herb Alpert's Ninth, format=LP, label=A&M, country=G, releaseNumber=212 024, releaseYear=-'67?, condition=G, priceInEuro=3,00, classification=Orchestra)
element = Record(artistName=HERB ALPERT, title=In Europe, format=LP, label=A&M, country=NL, releaseNumber=88 315 IT, releaseYear=-'?, condition=F, priceInEuro=3,00, classification=Orchestra)
element = Record(artistName=HERB ALPERT, title=Just you and me, format=LP, label=A&M, country=null, releaseNumber=null, releaseYear=-'76,pic, condition=V, priceInEuro=4,00, classification=Orchestra)
element = Record(artistName=HERB ALPERT, title=Keep your eye on me, format=LP, label=A&M, country=G, releaseNumber=395 125-1, releaseYear=-'87,pic, condition=V, priceInEuro=4,00, classification=Orchestra)
element = Record(artistName=HERB ALPERT, title=Magic man, format=LP, label=A&M, country=NL, releaseNumber=AMLK 63728, releaseYear=-'81, condition=V, priceInEuro=4,00, classification=Orchestra)
element = Record(artistName=HERB ALPERT, title=Mexican shuffle, format=LP, label=Boek En Plaat A&M, country=NL/G, releaseNumber=C-103/9, releaseYear=-'?, condition=G, priceInEuro=3,00, classification=Orchestra)
element = Record(artistName=HERB ALPERT, title=Rise, format=LP, label=A&M, country=Venezuela, releaseNumber=AMS-5071, releaseYear=-'79, condition=V, priceInEuro=4,00, classification=Orchestra)
element = Record(artistName=HERB ALPERT, title=S.R.O., format=LP, label=A&M, country=G, releaseNumber=212 013, releaseYear=-'?, condition=V, priceInEuro=3,00, classification=Orchestra)
element = Record(artistName=HERB ALPERT, title=Sounds like (Casino royal), format=LP, label=A&M, country=G, releaseNumber=212 001, releaseYear=-'66?, condition=V, priceInEuro=6,00, classification=Orchestra)
element = Record(artistName=HERB ALPERT, title=South of the border, format=LP, label=A&M, country=G, releaseNumber=212 015, releaseYear=-'65?, condition=F, priceInEuro=3,00, classification=Orchestra)
element = Record(artistName=HERB ALPERT, title=The beat of the brass, format=LP, label=A&M, country=G, releaseNumber=212 035, releaseYear=-'67?, condition=V, priceInEuro=3,00, classification=Orchestra)
element = Record(artistName=HERB ALPERT, title=The brass are comin', format=LP, label=A&M, country=G, releaseNumber=212 079, releaseYear=-'68?, condition=V, priceInEuro=4,00, classification=Orchestra)
element = Record(artistName=HERB ALPERT, title=The lonely bull, format=LP, label=A&M, country=G, releaseNumber=212 017, releaseYear=-'62ri, condition=V, priceInEuro=3,00, classification=Orchestra)
element = Record(artistName=HERB ALPERT, title=This guy's in love with you, format=LP, label=A&M, country=E, releaseNumber=AMLB 1005, releaseYear=-'70, condition=V, priceInEuro=3,00, classification=Orchestra)
element = Record(artistName=HERB ALPERT, title=Under a spanish moon, format=LP, label=A&M, country=NL?, releaseNumber=395 209-1, releaseYear=-'88,pic, condition=G, priceInEuro=4,00, classification=Orchestra)
element = Record(artistName=HERB ALPERT, title=Volume 2, format=LP, label=A&M, country=G, releaseNumber=212 050, releaseYear=-'64?, condition=V, priceInEuro=5,00, classification=Orchestra)
element = Record(artistName=ALPHA OMEGA, title=Alpha Omega, format=LP, label=United Artists, country=E, releaseNumber=UAR 101, releaseYear=-'79,2lp,8p-booklet, condition=V, priceInEuro=8,00, classification=70s)
element = Record(artistName=ALPHAVILLE, title=Afternoons in Utopia, format=LP, label=WEA, country=G, releaseNumber=240 948-1, releaseYear=-'86,pic, condition=G, priceInEuro=5,00, classification=80s)
element = Record(artistName=ALPHONSO ET SON ORCHESTRA, title=Carnaval antillais, format=LP, label=Musidisc, country=F, releaseNumber=30 CV 1175, releaseYear=-'?, condition=V, priceInEuro=4,00, classification=Antilles-Folklore)
element = Record(artistName=ALQUIN, title=Alquin crash!, format=LP, label=Polydor, country=NL, releaseNumber=2646 101, releaseYear=-'77,2lp, condition=V, priceInEuro=20,00, classification=NL-Rock)
element = Record(artistName=ALQUIN, title=Marks, format=LP, label=Polydor, country=NL, releaseNumber=2419 060, releaseYear=-'72ri, condition=V, priceInEuro=7,00, classification=NL-Rock)
element = Record(artistName=ALQUIN, title=Nobody can wait forever, format=LP, label=Polydor, country=NL, releaseNumber=2925 030, releaseYear=-'75,foc, condition=F, priceInEuro=3,00, classification=NL-Rock)
element = Record(artistName=ALQUIN, title=On tour, format=LP, label=Polydor, country=NL, releaseNumber=2441 069, releaseYear=-'76, condition=G, priceInEuro=7,00, classification=NL-Rock)
element = Record(artistName=ALQUIN, title=The mountain queen, format=LP, label=Polydor, country=F, releaseNumber=2480 179, releaseYear=-'74, condition=F, priceInEuro=4,00, classification=NL-Rock)
element = Record(artistName=ALQUIN, title=The mountain queen, format=LP, label=Polydor, country=NL, releaseNumber=2925 019, releaseYear=-'73,foc, condition=F, priceInEuro=4,00, classification=NL-Rock)
element = Record(artistName=ROY ALTON, title=Carnival disco, format=LP, label=Tackle, country=E, releaseNumber=TAK LP 006, releaseYear=-'78?, condition=F, priceInEuro=3,00, classification=SDF)
element = Record(artistName=ALVIN , title=A picture of you, format=LP, label=Stiff, country=NL, releaseNumber=205.386, releaseYear=-'83, condition=V, priceInEuro=7,00, classification=50s-R&Rr)
element = Record(artistName=ALYA, title=Songs of a Russian gypsy, format=LP, label=Monitor, country=US, releaseNumber=MFS 404, releaseYear=-'?,4p-insert, condition=G, priceInEuro=4,00, classification=Russia-Folklore)
element = Record(artistName=CLAUDIUS ALZNER, title=Cocktail International vol.11, format=LP, label=Elite Special, country=CH, releaseNumber=PLPS 30 174, releaseYear=-'75, condition=V, priceInEuro=3,00, classification=Piano)
element = Record(artistName=CLAUDIUS ALZNER, title=Cocktail International vol.15, format=LP, label=Elite Special, country=null, releaseNumber=null, releaseYear=-'78, condition=G, priceInEuro=3,00, classification=Piano)
element = Record(artistName=LOS AMADORES, title=16 Latin American favorites, format=LP, label=Artone, country=NL, releaseNumber=BDJ S-1517, releaseYear=-'69, condition=G, priceInEuro=3,00, classification=Paraguay-Vocal)
element = Record(artistName=AMARCORD, title=Rota nino, format=LP, label=Melodia, country=Russia, releaseNumber=C60 27473 009, releaseYear=-'88, condition=V, priceInEuro=8,00, classification=Soundtracks)
element = Record(artistName=THE AMAZING STROOPWAFELS, title=Gaan te ver, format=LP, label=Quiko, country=NL, releaseNumber=KG07, releaseYear=-'88, condition=V, priceInEuro=6,00, classification=NL-NL)
element = Record(artistName=AMAZING RHYTHM ACES, title=Burning the ballroom down, format=LP, label=ABC Records, country=US, releaseNumber=AA-1063, releaseYear=-'78,pic, condition=V, priceInEuro=8,00, classification=70s)
element = Record(artistName=AMAZING RHYTHM ACES, title=How the hell do you spell rythum?, format=LP, label=Warner Bros., country=G, releaseNumber=WB 56 859, releaseYear=-'80,pic, condition=F, priceInEuro=3,00, classification=70s)
element = Record(artistName=AMAZING RHYTHM ACES, title=Stacked deck, format=LP, label=ABC Records, country=US, releaseNumber=ABCD-913, releaseYear=-'75, condition=F, priceInEuro=3,00, classification=70s)
element = Record(artistName=AMAZING RHYTHM ACES, title=The Amazing Rhythm Aces, format=LP, label=ABC Records, country=G, releaseNumber=200 334, releaseYear=-'79,pic, condition=F, priceInEuro=3,00, classification=70s)
element = Record(artistName=AMAZING RHYTHM ACES, title=Toucan do it too, format=LP, label=ABC Records, country=E, releaseNumber=ABCL 5219, releaseYear=-'77,insert, condition=V, priceInEuro=6,00, classification=70s)
element = Record(artistName=AMAZULU, title=Amazulu, format=LP, label=Island, country=G, releaseNumber=208 209, releaseYear=-'86, condition=FP, priceInEuro=3,00, classification=SDF-80s)
element = Record(artistName=(ARTO LINDSAY) AMBITIOUS LOVERS, title=Greed, format=LP, label=Virgin, country=G, releaseNumber=209 177, releaseYear=-'88, condition=G, priceInEuro=8,00, classification=80s-Rock*)
element = Record(artistName=(WOLFGANG) AMBROS & FENRICH (RAINHARD), title=Open air, format=LP, label=Atom, country=Austria, releaseNumber=815 662-1, releaseYear=-'83, condition=V, priceInEuro=6,00, classification=Austria/70s-Rock)
element = Record(artistName=AMBROSE, title=Ambrose & his orchestra featuring Vera Lynn, format=LP, label=Recollections Decca, country=E, releaseNumber=RFL 10, releaseYear=-'81, condition=V, priceInEuro=4,00, classification=Jazz-PreWar)
element = Record(artistName=AMBROSE, title=Soft lights and sweet music, format=LP, label=Joy, country=E, releaseNumber="D" 271, releaseYear=-'83, condition=G, priceInEuro=4,00, classification=Jazz-PreWar)
element = Record(artistName=AMBROSE, title=The bands that matter, format=LP, label='Treasury Series' Decca Eclipse, country=E, releaseNumber=ECM 2044, releaseYear=-'?, condition=V, priceInEuro=3,00, classification=Jazz-PreWar)
element = Record(artistName=AMBROSIA, title=One eighty, format=LP, label=Warner Bros., country=US, releaseNumber=BSK 3368, releaseYear=-'80, condition=V, priceInEuro=6,00, classification=70s)
element = Record(artistName=AMBROSIA, title=Somewhere I've never travelled, format=LP, label=20th Century, country=US, releaseNumber=T-510, releaseYear=-'76,pyramidcover,pic, condition=G, priceInEuro=25,00, classification=70s)
element = Record(artistName=AMEN CORNER, title=Chart busters, format=LP, label=Emidisc, country=NL, releaseNumber=5C 048-50721, releaseYear=-'70?, condition=F, priceInEuro=5,00, classification=60s)
element = Record(artistName=AMEN CORNER, title=Greatest hits, format=LP, label=Immediate, country=E, releaseNumber=IML 2004, releaseYear=-'77, condition=V, priceInEuro=7,00, classification=60s)
element = Record(artistName=AMERICA, title=El disco de oro de America, format=LP, label=Warner Bros., country=Mexico, releaseNumber=LWB-5192, releaseYear=-'81, condition=G, priceInEuro=9,00, classification=70s)
element = Record(artistName=AMERICA, title=Harbor, format=LP, label=Li Ming, country=Taiwain, releaseNumber=LM-2798, releaseYear=-'?, condition=G, priceInEuro=10,00, classification=70s)
element = Record(artistName=AMERICA, title=Harbor, format=LP, label=Warner Bros., country=US, releaseNumber=BSK 3017, releaseYear=-'77,pic,50x75-poster, condition=G, priceInEuro=4,00, classification=70s)
element = Record(artistName=AMERICA, title=Hideaway, format=LP, label=Warner Bros., country=Peru, releaseNumber=WBR 2852, releaseYear=-'76?, condition=FG, priceInEuro=5,00, classification=70s)
element = Record(artistName=AMERICA, title=Live, format=LP, label=Warner Bros., country=France, releaseNumber=56 434, releaseYear=-'77,pic, condition=G, priceInEuro=4,00, classification=70s)
element = Record(artistName=AMERICA, title=Live, format=LP, label=Warner Bros., country=NL, releaseNumber=WB 56434, releaseYear=-'77,pic, condition=F, priceInEuro=3,00, classification=70s)
element = Record(artistName=AMERICA, title=Live, format=LP, label=Warner Bros., country=US, releaseNumber=BSK 3136, releaseYear=-'77,pic, condition=F, priceInEuro=3,00, classification=70s)
element = Record(artistName=AMERICA, title=Perspective, format=LP, label=Capitol, country=G, releaseNumber=1C 064 2402161, releaseYear=-'84,pic, condition=V, priceInEuro=7,00, classification=70s)
element = Record(artistName=AMERICA, title=Silent letter, format=LP, label='Fame' Capitol, country=G, releaseNumber=1C 038 1575201, releaseYear=-'79ri, condition=V, priceInEuro=5,00, classification=70s)
element = Record(artistName=AMERICA, title=Silent letter, format=LP, label=Capitol, country=Canada, releaseNumber=SO-11950, releaseYear=-'79,pic, condition=G, priceInEuro=4,00, classification=70s)
element = Record(artistName=AMERICA, title=Your move, format=LP, label=Capitol, country=NL, releaseNumber=1A 064-7122771, releaseYear=-'83, condition=FG, priceInEuro=3,00, classification=70s)
element = Record(artistName=THE AMES BROTHERS, title=The blend and the beat, format=LP, label='The Originals' RCA, country=NL, releaseNumber=NL-42888, releaseYear=-'79, condition=V, priceInEuro=4,00, classification=Vocal)
element = Record(artistName=BILL AMESBURY, title=Jus'a taste of the kid, format=LP, label=Casablanca, country=NL, releaseNumber=NBLP 7003, releaseYear=-'74, condition=G, priceInEuro=4,00, classification=70s)
element = Record(artistName=ALVARO AMICI, title=Lassatece passa'... semo Romani!, format=LP, label=Joker, country=Italy, releaseNumber=SM 3329, releaseYear=-'72, condition=V, priceInEuro=3,00, classification=Italy-Vocal)
element = Record(artistName=AMIGOS DE GINES, title=Sevillanas en primavera, format=LP, label=Hispavox, country=Spain, releaseNumber=HHS 10-389, releaseYear=-'71, condition=G, priceInEuro=4,00, classification=Spain-Vocal)
element = Record(artistName=AMINA, title=Exitos de Amina, format=LP, label=Hispavox, country=Spain, releaseNumber=S 20.167, releaseYear=-'79, condition=F, priceInEuro=3,00, classification=Spain-Vocal)
element = Record(artistName=ALBERT AMMONS, title=Boogie woogie piano stylings, format=LP, label='Jazz Master' Mercury, country=NL, releaseNumber=6336 326, releaseYear=-'49(sic), condition=G, priceInEuro=6,00, classification=Jazz-Piano)
element = Record(artistName=ALBERT AMMONS, title=King of blues and boogie woogie 1907-1949, format=LP, label=Oldie Blues, country=NL, releaseNumber=OL 2807, releaseYear=-'?, condition=V, priceInEuro=9,00, classification=Jazz-Piano)
element = Record(artistName=GENE AMMONS, title=Angel eyes, format=LP, label=Saba Prestige, country=G, releaseNumber=PRST 7369, releaseYear=-'67?, condition=V, priceInEuro=13,00, classification=Jazz-Sax)
element = Record(artistName=GENE AMMONS, title=Twisting the jug, format=LP, label=Prestige, country=null, releaseNumber=null, releaseYear=-'61ri,tridentlogorightside, condition=G, priceInEuro=15,00, classification=Jazz-Sax)
element = Record(artistName=MARCEL AMONT, title=Marcel Amont, format=LP, label=Polydor Special, country=NL, releaseNumber=236 727, releaseYear=-'?, condition=G, priceInEuro=4,00, classification=France-Vocal)
element = Record(artistName=MARCEL AMONT, title=Marcel Amont, format=LP, label=Polydor, country=F, releaseNumber=46152, releaseYear=-'?, condition=FG, priceInEuro=3,00, classification=France-Vocal)
element = Record(artistName=M.TAOS AMROUCHE, title=Chants de l'Atlas, format=LP, label=Arion, country=F, releaseNumber=30 U 103, releaseYear=-'?,foc, condition=V, priceInEuro=5,00, classification=Algeria)
element = Record(artistName=DRAAIORGEL AMSTERDAM, title=Feest potpourri!, format=LP, label=Artone, country=NL, releaseNumber=BDG S-1505, releaseYear=-'69, condition=V, priceInEuro=4,00, classification=Barrelorgan)
element = Record(artistName=HET AMSTERDAMS LITURGISCH KOOR DE LIEFDE, title=Kerstfeest van de liefde, format=LP, label=IMA, country=NL, releaseNumber=1902 LPS/IMA, releaseYear=-'?, condition=G, priceInEuro=3,00, classification=Choir/Christmas)
element = Record(artistName=AMSTERDAMS MANDOLINE ORKEST A.M.T.G., title=Amsterdams mandoline orkest A.M.T.G., format=LP, label=Eurosound, country=NL, releaseNumber=ES 46 559, releaseYear=-'81, condition=V, priceInEuro=5,00, classification=Classic-Mandolin)
element = Record(artistName=DE AMSTERDAMSE POLITIEKAPEL, title=Amsterdam 700, format=LP, label=Vip, country=NL, releaseNumber=VPR-1497, releaseYear=-'75, condition=V, priceInEuro=3,00, classification=Fanfare)
element = Record(artistName=KOOR AMSTERDAMSE STUDENTEKKLESIA, title=Boek jij bent geleefd - twaalf bijbelse liederen, format=LP, label=Eurosound, country=NL, releaseNumber=ES 46.835, releaseYear=-'?, condition=V, priceInEuro=3,00, classification=NL/Religion)
element = Record(artistName=KOOR AMSTERDAMSE STUDENTEKKLESIA, title=De nacht loopt ten einde, format=LP, label=Leerhuis en Liturgie, country=NL, releaseNumber=40.0380, releaseYear=-'83, condition=V, priceInEuro=3,00, classification=NL/Religion)
element = Record(artistName=KOOR AMSTERDAMSE STUDENTEKKLESIA, title=Een stem klinkt op, format=LP, label=Mirasound, country=NL, releaseNumber=SGLP 25.6262, releaseYear=-'89,insert, condition=V, priceInEuro=3,00, classification=NL/Religion)
element = Record(artistName=KOOR AMSTERDAMSE STUDENTEKKLESIA, title=Gehoord in psalmen, format=LP, label=N.V. Gooi & Sticht, country=NL, releaseNumber=6802 661 Y, releaseYear=-'?,foc-iso, condition=V, priceInEuro=3,00, classification=NL/Religion)
element = Record(artistName=AMSTERDAMSE FOOTBALL CLUB, title=In blessuretijd, format=LP, label=A.F.C., country=NL, releaseNumber=RCS 337, releaseYear=-'75, condition=G, priceInEuro=6,00, classification=Sport/Soundtrack)
element = Record(artistName=AN TRISKELL, title=Da�s plinn, format=LP, label=Philips, country=F, releaseNumber=6325 063, releaseYear=-'73, condition=F, priceInEuro=3,00, classification=France-Folklore)
element = Record(artistName=AN TRISKELL, title=Musiques cetliques, format=LP, label=Philips, country=F, releaseNumber=6332 145, releaseYear=-'73, condition=G, priceInEuro=6,00, classification=France-Folklore)
element = Record(artistName=KALYANJI ANANDJI & ANAND MAKSHI, title=Jab jab pholl khile (Limelight), format=LP, label=Angel Odeon, country=India, releaseNumber=3AEX. 5065, releaseYear=-'65, condition=V, priceInEuro=11,00, classification=India-Bollywood)
element = Record(artistName=ANANTA, title=Night and daydream, format=LP, label=Touchstone, country=E, releaseNumber=BBT 112, releaseYear=-'78, condition=V, priceInEuro=4,00, classification=70s)
element = Record(artistName=ANARCHIC SYSTEM, title=Greatest hits, format=LP, label=Disc AZ, country=NL, releaseNumber=NY 2, releaseYear=-'?, condition=V, priceInEuro=11,00, classification=France-70s/Pop)
element = Record(artistName=AND YOUR SISTER, title=And Your Sister, format=LP, label=Cobra, country=Belgium, releaseNumber=CR/LP-56, releaseYear=-'87, condition=G, priceInEuro=5,00, classification=Belgium-80s/R&Rr)
element = Record(artistName=GERRY ANDAL, title=...Just for the heck of it, format=LP, label=Aura-Cee, country=US, releaseNumber=A-C 102, releaseYear=-'?, condition=FG, priceInEuro=6,00, classification=Country)
element = Record(artistName=CHRISTIAN ANDERS, title=Es f�hrt ein Zug nach Nirgendwo, format=LP, label=H�r Zu, country=Germany, releaseNumber=SHZE 358, releaseYear=-'?,foc, condition=F, priceInEuro=3,00, classification=Germany-Schlager)
element = Record(artistName=ERIC ANDERSEN, title=Midnight son, format=LP, label=CBS, country=NL, releaseNumber=CBS 84647, releaseYear=-'80,pic, condition=G, priceInEuro=7,00, classification=60s-SiSo)
element = Record(artistName=ERIC ANDERSEN, title=The best songs, format=LP, label=Arista, country=US, releaseNumber=AL 4128, releaseYear=-'77,pic, condition=V, priceInEuro=6,00, classification=60s-SiSo)
element = Record(artistName=ERIC ANDERSEN, title=Today is the highway, format=LP, label=Vanguard, country=US, releaseNumber=VSD-79157, releaseYear=-'65?, condition=G, priceInEuro=20,00, classification=60s-SiSo)
element = Record(artistName=LALE ANDERSEN, title=Wie einst Lili Marleen, format=LP, label=Karussell, country=G, releaseNumber=635 148, releaseYear=-'71s-ri, condition=V, priceInEuro=5,00, classification=Germany-Schlager)
element = Record(artistName=ANNI ANDERSON, title=What I did for love, format=LP, label=Polydor, country=NL, releaseNumber=2925 052, releaseYear=-'77,foc, condition=F, priceInEuro=5,00, classification=Jazz-Vocal)
element = Record(artistName=BILL ANDERSON, title=Ladies choice, format=LP, label=MCA, country=US, releaseNumber=MCA-3075, releaseYear=-'79, condition=V, priceInEuro=5,00, classification=Country)
element = Record(artistName=BILL ANDERSON, title=Love... & other sad stories, format=LP, label=MCA, country=US, releaseNumber=MCA-2371, releaseYear=-'78,co, condition=V, priceInEuro=5,00, classification=Country)
element = Record(artistName=JON ANDERSON, title=3 Ships, format=LP, label=Elektra, country=G, releaseNumber=960 469-1, releaseYear=-'85,pic, condition=G, priceInEuro=5,00, classification=70s/Yes)
element = Record(artistName=LEROY ANDERSON, title=Conducts his music, format=LP, label=MCA, country=US, releaseNumber=MCA-531, releaseYear=-'77, condition=G, priceInEuro=3,00, classification=Orchestra)
element = Record(artistName=LYNN ANDERSON, title=Country girl, format=LP, label=Embassy, country=NL, releaseNumber=EMB S-31022, releaseYear=-'70, condition=V, priceInEuro=3,00, classification=Country)
element = Record(artistName=LYNN ANDERSON, title=Flower of love, format=LP, label=Pickwick, country=US, releaseNumber=SPC 3267, releaseYear=-'?, condition=V, priceInEuro=3,00, classification=Country)
element = Record(artistName=LYNN ANDERSON, title=Greatest hits, format=LP, label=Embassy, country=NL, releaseNumber=EMB 31380, releaseYear=-'76, condition=G, priceInEuro=3,00, classification=Country)
element = Record(artistName=LYNN ANDERSON, title=I've never loved anyone more, format=LP, label=CBS, country=null, releaseNumber=null, releaseYear=-'75, condition=V, priceInEuro=5,00, classification=Country)
element = Record(artistName=LYNN ANDERSON, title=Listen to a country song, format=LP, label=Hallmark, country=E, releaseNumber=SHM 991, releaseYear=-'72, condition=V, priceInEuro=3,00, classification=Country)
element = Record(artistName=LYNN ANDERSON, title=Lynn Anderson 2 Records, format=LP, label=Pickwick, country=US, releaseNumber=PTP-2049, releaseYear=-'?,2lp, condition=V, priceInEuro=5,00, classification=Country)
element = Record(artistName=LYNN ANDERSON, title=Rose garden, format=LP, label=CBS, country=NL, releaseNumber=S 64333, releaseYear=-'71, condition=G, priceInEuro=3,00, classification=Country)
element = Record(artistName=LYNN ANDERSON, title=Smile for me, format=LP, label=CBS, country=E, releaseNumber=S 80149, releaseYear=-'74, condition=G, priceInEuro=6,00, classification=Country)
[...]
element = Record(artistName=LOUIS ARMSTRONG, title=V.S.O.P. vol. 1/2, format=LP, label='Aimez vous le Jazz 36' CBS, country=NL, releaseNumber=CBS 88001, releaseYear=-'74,2lp, condition=G, priceInEuro=4,00, classification=Jazz)
element = Record(artistName=LOUIS ARMSTRONG, title=Volume 2 - Immortal sessions, format=LP, label=SagaPan, country=E, releaseNumber=PAN 6904, releaseYear=-'72, condition=G, priceInEuro=3,00, classification=Jazz)
element = Record(artistName=LOUIS ARMSTRONG, title=What a wonderful world, format=LP, label=Qualitel, country=NL, releaseNumber=Q-LP 258-1, releaseYear=-'88, condition=F, priceInEuro=3,00, classification=Jazz)
element = Record(artistName=RENE ARNELL, title=Call me Rene Arnell, format=LP, label=Ariola, country=NL, releaseNumber=200.671, releaseYear=-'79, condition=V, priceInEuro=5,00, classification=South Africa-Vocal)
element = Record(artistName=ARNO & GRADJE, title=Armoe is geen schande, format=LP, label=CNR, country=NL, releaseNumber=657.550, releaseYear=-'78, condition=F, priceInEuro=3,00, classification=NL-NL)
element = null
element = Record(artistName=EDDY ARNOLD, title=The glory of love, format=LP, label=RCA, country=US, releaseNumber=LSP-4179, releaseYear=-'69,co, condition=F, priceInEuro=3,00, classification=Country)
element = Record(artistName=EDDY ARNOLD, title=The last word in lonesome, format=LP, label='Country Music Hall Of Fame Series' RCA, country=US, releaseNumber=LSP 3622, releaseYear=-'66s-ri,co, condition=V, priceInEuro=3,00, classification=Country)
element = Record(artistName=EDDY ARNOLD, title=The living legend of Eddy Arnold, format=LP, label=K-tel, country=US, releaseNumber=WC-307, releaseYear=-'?, condition=G, priceInEuro=3,00, classification=Country)
element = Record(artistName=P.P. ARNOLD, title=Greatest hits, format=LP, label=Immediate, country=E/NL, releaseNumber=SRL 410.004, releaseYear=-'77, condition=V, priceInEuro=5,00, classification=60s)
element = Record(artistName=ARPEGGIO, title=Let the music play... for ever and ever, format=LP, label=Polydor, country=US, releaseNumber=PD-1-6180, releaseYear=-'78, condition=V, priceInEuro=7,00, classification=SDF-70s)
element = Record(artistName=STEVE ARRINGTON, title=Dancin' in the key of life, format=LP, label=Atlantic, country=null, releaseNumber=null, releaseYear=-'85, condition=G, priceInEuro=4,00, classification=SDF-80s)
element = Record(artistName=STEVE ARRINGTON, title=Dancin' in the key of life, format=LP, label=Atlantic, country=US, releaseNumber=81245-1, releaseYear=-'85, condition=V, priceInEuro=5,00, classification=SDF-80s)
element = Record(artistName=STEVE ARRINGTON, title=Dancin' in the key of life, format=LP, label=Atlantic, country=G, releaseNumber=781 245-1, releaseYear=-'85, condition=V, priceInEuro=5,00, classification=SDF-80s)
element = Record(artistName=ARROW/ED WATSON, title=Soca '83, format=LP, label=K H Music, country=NL?, releaseNumber=SS 3308, releaseYear=-'83, condition=FP, priceInEuro=3,00, classification=Reggae)
element = Record(artistName=ARROW, title=Heavy energy, format=LP, label=Arrow, country=US, releaseNumber= 028, releaseYear=-'86, condition=V, priceInEuro=8,00, classification=Reggae)
element = Record(artistName=ARROW, title=Hot hot hot, format=LP, label=CNR, country=NL, releaseNumber=656.044, releaseYear=-'83, condition=V, priceInEuro=5,00, classification=Reggae)
element = Record(artistName=ARROW, title=Knock dem dead, format=LP, label=Arrow, country=US, releaseNumber=029, releaseYear=-'87,pic, condition=FG, priceInEuro=5,00, classification=Reggae)
element = Record(artistName=ARROW, title=Knock dem dead, format=LP, label=Mango Island, country=E, releaseNumber=ILPS 9809, releaseYear=-'88, condition=V, priceInEuro=8,00, classification=Reggae)
element = Record(artistName=ARROW, title=Soca savage, format=LP, label=CNR, country=NL, releaseNumber=656.072, releaseYear=-'85, condition=F, priceInEuro=5,00, classification=Reggae)
element = Record(artistName=THE ARROWS, title=Stand back, format=LP, label=A&M, country=NL, releaseNumber=AMLX 65010, releaseYear=-'84, condition=F, priceInEuro=3,00, classification=80s-Rock)
element = Record(artistName=ARTELTA, title=In the rhythm of the wind, format=LP, label=Lyra, country=Greece, releaseNumber=SYLP 3239, releaseYear=-'68?, condition=G, priceInEuro=19,00, classification=Greece-Vocal)
element = Record(artistName=ARTFUL DODGER, title=Rave on, format=LP, label=Ariola, country=NL, releaseNumber=202.804, releaseYear=-'80, condition=V, priceInEuro=6,00, classification=80s)
element = Record(artistName=ARTILLERYMEN ON A TOOT, title=If it rotates we can control it, format=LP, label=Metamerism, country=US, releaseNumber=3, releaseYear=-'89,insert, condition=V, priceInEuro=20,00, classification=80s-Rock/Av)
element = Record(artistName=MARION ARTS & ROBBIE LAVEN, title=There's two sides to it, format=LP, label=Pan, country=NL, releaseNumber=0108, releaseYear=-'81, condition=F, priceInEuro=3,00, classification=80s-Folk)
element = Record(artistName=PEGGY ASHCROFT & MARTIN BEST, title=Sense and nonsense, format=LP, label=Argo, country=E, releaseNumber=ZSW.532, releaseYear=-'76, condition=V, priceInEuro=5,00, classification=Children-W/V)
element = Record(artistName=DOUG ASHDOWN, title=Winter in America, format=LP, label=Decca, country=E, releaseNumber=TXS-R 125, releaseYear=-'77,foc, condition=V, priceInEuro=5,00, classification=70s)
element = Record(artistName=DOUG ASHDOWN, title=Winter in America, format=LP, label=Decca, country=NL, releaseNumber=6376 124, releaseYear=-'77, condition=FG, priceInEuro=3,00, classification=70s)
element = Record(artistName=ASHFORD & SIMPSON, title=A musical affair, format=LP, label=Warner Bros., country=US, releaseNumber=HS 3458, releaseYear=-'80,pic, condition=V, priceInEuro=5,00, classification=SDF-70s)
element = Record(artistName=ASHFORD & SIMPSON, title=Is it still good to ya, format=LP, label=Warner Bros., country=US, releaseNumber=BSK 3219, releaseYear=-'78,pic,co, condition=G, priceInEuro=5,00, classification=SDF-70s)
element = Record(artistName=ASHFORD & SIMPSON, title=Performance, format=LP, label=Warner Bros., country=US, releaseNumber=2WB 3524, releaseYear=-'81,2lp,pic,co, condition=G, priceInEuro=5,00, classification=SDF-70s)
element = Record(artistName=ASHFORD & SIMPSON, title=Solid, format=LP, label=Capitol, country=NL, releaseNumber=1A 064-24 0250 1, releaseYear=-'84,pic, condition=F, priceInEuro=3,00, classification=SDF-70s)
element = Record(artistName=ASHFORD & SIMPSON, title=Street opera, format=LP, label=Capitol, country=NL, releaseNumber=1A 064-400101, releaseYear=-'82,pic, condition=G, priceInEuro=4,00, classification=SDF-70s)
element = Record(artistName=ASHTON GARDNER DYKE & Co., title=What a bloody long day it's been, format=LP, label=Capitol, country=E/NL, releaseNumber=EA-ST-22862, releaseYear=-'72,foc, condition=G, priceInEuro=17,00, classification=60s)
element = Record(artistName=ASIA, title=Astra, format=LP, label=Geffen, country=US, releaseNumber=GHS 24072, releaseYear=-'85,pic,co, condition=V, priceInEuro=6,00, classification=70s-Yes)
element = Record(artistName='t ASOOSJALE ORKEST, title='t Asoosjale Orkest, format=LP, label=Varagram, country=NL, releaseNumber=ET 94, releaseYear=-'?, condition=V, priceInEuro=6,00, classification=NL-NL)
element = Record(artistName=ELI ASSER & JOOP STOKKERMANS, title=M'n broer en ik, format=LP, label=Artone, country=NL, releaseNumber=XDJ S-5010, releaseYear=-'68, condition=G, priceInEuro=6,00, classification=NL-NL)
element = Record(artistName=LYS ASSIA, title=O mein Papa, format=LP, label=Telefunken, country=G, releaseNumber=NT 815, releaseYear=-'74, condition=FG, priceInEuro=7,00, classification=Germany-Schlager)
element = Record(artistName=THE ASSOCIATION, title=Star-collection, format=LP, label=Midi, country=G, releaseNumber=MID 26 012, releaseYear=-'77, condition=G, priceInEuro=4,00, classification=Vocal)
element = Record(artistName=FRED ASTAIRE & GINGER ROGERS, title=Top hat/Shall we dance, format=LP, label=EMI, country=E, releaseNumber=EMTC 102, releaseYear=-'74,foc,4p-insert, condition=G, priceInEuro=5,00, classification=Soundtracks)
element = Record(artistName=FRED ASTAIRE, title=Best of Fred Astaire from MGM classic films, format=LP, label=MCA, country=US, releaseNumber=MCA-25985, releaseYear=-'87, condition=V, priceInEuro=5,00, classification=Vocal)
element = Record(artistName=FRED ASTAIRE, title=Dancing swinging singing and romancing 1941-1946, format=LP, label=MCA, country=G, releaseNumber=204 608, releaseYear=-'82, condition=V, priceInEuro=3,00, classification=Vocal)
element = Record(artistName=FRED ASTAIRE, title=Original recordings (1935-1940), format=LP, label=CBS, country=NL, releaseNumber=CBS 66316, releaseYear=-'73,3lp-box,8p-booklet, condition=FP, priceInEuro=5,00, classification=Vocal)
element = Record(artistName=FRED ASTAIRE, title=Puttin' on the Ritz-Greatest hits, format=LP, label=Black Tulip, country=NL/F, releaseNumber=BT 555025, releaseYear=-'?, condition=V, priceInEuro=3,00, classification=Vocal)
element = Record(artistName=FRED ASTAIRE, title=The Fred Astaire story, format=LP, label=Verve, country=F, releaseNumber=2610 056, releaseYear=-'?,2lp, condition=V, priceInEuro=7,00, classification=Jazz-Vocal)
element = Record(artistName=FRED & ADELE ASTAIRE, title=Funny face, format=LP, label=World, country=E, releaseNumber=SH. 144, releaseYear=-'?, condition=G, priceInEuro=4,00, classification=Soundtracks)
element = Record(artistName=FRED & ADELE ASTAIRE, title=Lady be good!, format=LP, label=World Record Club, country=E, releaseNumber=SH. 124, releaseYear=-'?, condition=G, priceInEuro=5,00, classification=Vocal)
element = Record(artistName=ANDR� ASTIER, title=De echte Franse accordeon musette, format=LP, label=Marble, country=NL, releaseNumber=12033, releaseYear=-'79, condition=V, priceInEuro=3,00, classification=Accordeon)
element = Record(artistName=TRIO ATHENEE, title=Sirtakis et bouzoukis, format=LP, label=Carrousel, country=France, releaseNumber=CAR. 27, releaseYear=-'75, condition=G, priceInEuro=3,00, classification=Greece-Folklore)
element = Record(artistName=LES ATHENIENS, title=Au jardin du souvenir, format=LP, label=Fontana, country=E, releaseNumber=6312 023, releaseYear=-'71, condition=FG, priceInEuro=3,00, classification=Greece-Vocal)
element = Record(artistName=ATHLETICO SPIZZ 80, title=Do a runner, format=LP, label=A&M, country=E, releaseNumber=AMLE 68514, releaseYear=-'80,pic, condition=G, priceInEuro=9,00, classification=Russia-80s/Rock)
element = Record(artistName=CHET ATKINS & BOSTON POPS, title=Chet picks on the pops, format=LP, label=RCA, country=E, releaseNumber=SF 8064, releaseYear=-'69, condition=V, priceInEuro=6,00, classification=Country)
element = Record(artistName=CHET ATKINS & LES PAUL, title=Chester & Lester, format=LP, label=RCA, country=US, releaseNumber=APL1-1167, releaseYear=-'76, condition=V, priceInEuro=5,00, classification=Country)
element = Record(artistName=CHET ATKINS & LES PAUL, title=Chester and Lester: Guitar monsters, format=LP, label=RCA, country=NL, releaseNumber=PL 12786, releaseYear=-'78, condition=G, priceInEuro=6,00, classification=Country)
element = Record(artistName=CHET ATKINS & LES PAUL, title=Guitar monsters, format=LP, label=RCA, country=US, releaseNumber=AHL1-2786, releaseYear=-'78, condition=G, priceInEuro=4,00, classification=Country)
element = Record(artistName=CHET ATKINS, title=And his guitar, format=LP, label=RCA Camden, country=G, releaseNumber=CAL 659, releaseYear=-'61?, condition=G, priceInEuro=3,00, classification=Country)
element = Record(artistName=CHET ATKINS, title=Guitar genius, format=LP, label=RCA, country=F, releaseNumber=FJL2 7190, releaseYear=-'76,2lp, condition=V, priceInEuro=5,00, classification=Country)
element = Record(artistName=CHET ATKINS, title=Guitares aux Cara�bes, format=LP, label=RCA Victor, country=F, releaseNumber=440.543, releaseYear=-'63, condition=F, priceInEuro=5,00, classification=Country)
element = Record(artistName=CHET ATKINS, title=Me and my guitar, format=LP, label=RCA, country=E, releaseNumber=PL 12405, releaseYear=-'77, condition=V, priceInEuro=4,00, classification=Country)
element = Record(artistName=CHET ATKINS, title=Nashville gold, format=LP, label=RCA, country=E, releaseNumber=INTS-1383, releaseYear=-'72, condition=F, priceInEuro=3,00, classification=Country)
element = Record(artistName=CHET ATKINS, title=Nashville gold, format=LP, label=RCA, country=G, releaseNumber=INTS 1383, releaseYear=-'72, condition=V, priceInEuro=4,00, classification=Country)
element = Record(artistName=CHET ATKINS, title=The best of Chet Atkins & friends, format=LP, label=RCA, country=E, releaseNumber=PL 11985, releaseYear=-'76, condition=G, priceInEuro=4,00, classification=Country)
element = Record(artistName=CHET ATKINS, title=The best of volume 2, format=LP, label=RCA, country=G, releaseNumber=INTS 1268, releaseYear=-'66?, condition=V, priceInEuro=3,00, classification=Country)
element = Record(artistName=CHET ATKINS, title=The golden guitar sound, format=LP, label=RCA, country=Italy, releaseNumber=CL 80981, releaseYear=-'83, condition=F, priceInEuro=3,00, classification=Country)
element = Record(artistName=CHET ATKINS, title=The guitar genius, format=LP, label=RCA Camden, country=null, releaseNumber=null, releaseYear=-'63?, condition=FG, priceInEuro=3,00, classification=Country)
element = Record(artistName=SWEET PEA ATKINSON, title=Don't walk away, format=LP, label=ZE Island, country=G, releaseNumber=204 913, releaseYear=-'82,pic, condition=G, priceInEuro=5,00, classification=SDF-80s/Was(NotWas))
element = Record(artistName=ATLANTA RHYTHM SECTION, title=A rock and roll alternative, format=LP, label=Polydor, country=US, releaseNumber=PD-1-6080, releaseYear=-'76, condition=G, priceInEuro=9,00, classification=70s)
element = Record(artistName=ATLANTA RHYTHM SECTION, title=Champagne jam, format=LP, label=BGO Polydor, country=US, releaseNumber=PD-1-6134, releaseYear=-'78, condition=G, priceInEuro=6,00, classification=70s)
element = Record(artistName=ATLANTA RHYTHM SECTION, title=Champagne jam, format=LP, label=Polydor, country=NL, releaseNumber=2391 319, releaseYear=-'78, condition=FG, priceInEuro=3,00, classification=70s)
element = Record(artistName=ATLANTA RHYTHM SECTION, title=Quinella, format=LP, label=CBS, country=NL, releaseNumber=CBS 85320, releaseYear=-'81, condition=V, priceInEuro=7,00, classification=70s)
element = Record(artistName=ATLANTA RHYTHM SECTION, title=Red tape, format=LP, label=Polydor, country=US, releaseNumber=PD-1-6060, releaseYear=-'76,pic, condition=F, priceInEuro=3,00, classification=70s)
element = Record(artistName=ATLANTA RHYTHM SECTION, title=The boys from Doraville, format=LP, label=Polydor, country=NL, releaseNumber=2391 467, releaseYear=-'80, condition=V, priceInEuro=9,00, classification=70s)
element = Record(artistName=ATLANTIC STARR, title=All in the name of love, format=LP, label=Warner Bros., country=US, releaseNumber=1-25560, releaseYear=-'87,pic, condition=G, priceInEuro=6,00, classification=SDF-70s)
element = Record(artistName=ATLANTIC STARR, title=We're movin' up, format=LP, label=Warner Bros., country=G, releaseNumber=925 849-1, releaseYear=-'89,pic, condition=G, priceInEuro=6,00, classification=SDF)
element = Record(artistName=ATMA, title=Haven't you had enough?, format=LP, label=Golden Lotus, country=NL, releaseNumber=GD 4, releaseYear=-'80,pic, condition=V, priceInEuro=3,00, classification=80s-Rock)
element = Record(artistName=ATMA, title=In transit, format=LP, label=Govinda, country=US, releaseNumber=RA-108, releaseYear=-'80, condition=V, priceInEuro=5,00, classification=80s-Rock)
element = Record(artistName=THE ATTRACTION, title=The Attraction presents Cinecitt�, format=LP, label=Triangle, country=NL, releaseNumber=5C 064-62944, releaseYear=-'78?, condition=V, priceInEuro=7,00, classification=NL-E/JPdenTEX)
element = Record(artistName=WINIFRED ATWELL, title=Black and white magic, format=LP, label=Ace Of Clubs, country=E, releaseNumber=ACL.1005, releaseYear=-'59(printerscode), condition=G, priceInEuro=4,00, classification=Piano)
element = Record(artistName=WINIFRED ATWELL, title=Black and white rag, format=LP, label='Evergreen Series' Decca, country=NL, releaseNumber=6454 009, releaseYear=-'?, condition=V, priceInEuro=3,00, classification=Piano)
element = Record(artistName=WINIFRED ATWELL, title=Queen of honky tonk, format=LP, label='Grand Gala Populair' Decca, country=NL, releaseNumber=DQY 862 001, releaseYear=-'?, condition=V, priceInEuro=3,00, classification=Piano)
element = Record(artistName=WINIFRED ATWELL, title=Queen of honky tonk, format=LP, label='Surprise' Decca, country=NL, releaseNumber=6835 155, releaseYear=-'67s-ri, condition=F, priceInEuro=3,00, classification=Piano)
element = Record(artistName=WINIFRED ATWELL, title=Selection, format=LP, label=Decca, country=E, releaseNumber=LF.1075, releaseYear=-'?, condition=F, priceInEuro=4,00, classification=Piano)
element = Record(artistName=WINIFRED ATWELL, title=Winifred Atwell, format=LP, label=Pye Golden Guinea, country=E, releaseNumber=GGL 0251, releaseYear=-'?, condition=G, priceInEuro=3,00, classification=Piano)
element = Record(artistName=HUGUES AUFRAY, title=Adieu monsieur le professeur..., format=LP, label=Barclay, country=F, releaseNumber=950 008, releaseYear=-'?, condition=V, priceInEuro=3,00, classification=France-Vocal)
element = Record(artistName=HUGUES AUFRAY, title=C�line/D�s que le printemps revient..., format=LP, label='S�rie 2 Disques' Barclay, country=F, releaseNumber=96.025/26, releaseYear=-'?,2lp, condition=V, priceInEuro=5,00, classification=France-Vocal)
element = Record(artistName=HUGUES AUFRAY, title=Hugues, format=LP, label='Vedettes' Barclay, country=null, releaseNumber=null, releaseYear=-'?,dfoc-iso, condition=FP, priceInEuro=3,00, classification=France-Vocal)
element = Record(artistName=HUGUES AUFRAY, title=Le disque d'or, format=LP, label=Barclay, country=F, releaseNumber=90 322, releaseYear=-'?, condition=G, priceInEuro=3,00, classification=France-Vocal)
element = Record(artistName=HUGUES AUFRAY, title=Les plus belles chansons de Hugues Auffray, format=LP, label=Philips, country=NL, releaseNumber=6423 546, releaseYear=-'82,pic, condition=G, priceInEuro=5,00, classification=France-Vocal)
element = Record(artistName=HUGUES AUFRAY, title=Les plus belles chansons de Hugues Auffray, format=LP, label=Atlantic, country=F, releaseNumber=50 821, releaseYear=-'?,pic, condition=V, priceInEuro=5,00, classification=France-Vocal)
element = Record(artistName=HUGUES AUFRAY, title=Olympia, format=LP, label=Barclay, country=F, releaseNumber=80249, releaseYear=-'?, condition=F, priceInEuro=3,00, classification=France-Vocal)
element = Record(artistName=HUGUES AUFRAY, title=Transatlantic, format=LP, label=Atlantic, country=F, releaseNumber=60 131, releaseYear=-'77,2lp, condition=V, priceInEuro=7,00, classification=France-Vocal)
element = Record(artistName=JAN AUGUST, title=Latin rhythms, format=LP, label=Mercury, country=null, releaseNumber=null, releaseYear=-'?, condition=G, priceInEuro=3,00, classification=Piano)
element = Record(artistName=GEORGIE AULD, title=Blue and sentimental, format=LP, label=MCA Coral, country=G, releaseNumber=COPS 6300, releaseYear=-'73, condition=G, priceInEuro=3,00, classification=Jazz-Sax)
element = Record(artistName=GEORGIE AULD, title=Plays the winners, format=LP, label=EmArcy, country=Japan, releaseNumber=195J-10101, releaseYear=-'88, condition=V, priceInEuro=9,00, classification=Jazz-Sax)
element = Record(artistName=MIKE AULDRIDGE, title=Dobre, format=LP, label=Sonet, country=E, releaseNumber=SNTF 657, releaseYear=-'74, condition=V, priceInEuro=7,00, classification=Country/Bluegrass)
element = null
]]></system-out>
  <system-err><![CDATA[]]></system-err>
</testsuite>
